{"method":"GET","path":"/api/v1/companyAdmin/usersList","time":"2022-09-01T05:24:03.792Z","status":401,"data":{},"ua":"PostmanRuntime/7.29.2"}
{"method":"POST","path":"/api/v1/auth/login","time":"2022-09-01T05:24:13.512Z","status":200,"data":{"emailAddress":"test11@yopmail.com","password":"Test#123#"},"ua":"PostmanRuntime/7.29.2"}
{"method":"GET","path":"/api/v1/companyAdmin/usersList","time":"2022-09-01T05:24:30.885Z","status":200,"data":{},"ua":"PostmanRuntime/7.29.2"}
{"method":"GET","path":"/api/v1/companyAdmin/usersList","time":"2022-09-01T05:33:21.505Z","status":200,"data":{},"ua":"PostmanRuntime/7.29.2"}
{"method":"GET","path":"/api/v1/companyAdmin/productList","time":"2022-09-01T06:46:11.020Z","status":200,"data":{},"ua":"PostmanRuntime/7.29.2"}
{"method":"GET","path":"/api/v1/companyAdmin/productList","time":"2022-09-01T06:46:53.004Z","status":200,"data":{},"ua":"PostmanRuntime/7.29.2"}
{"method":"POST","path":"/api/v1/companyAdmin/addProduct","time":"2022-09-01T06:47:23.848Z","status":200,"data":{"productName":"test product","productImage":"","description":"this is a test product","availableQuantity":"10","price":"1000","tax":"10"},"ua":"PostmanRuntime/7.29.2"}
{"method":"GET","path":"/api/v1/companyAdmin/productList","time":"2022-09-01T06:47:29.132Z","status":200,"data":{},"ua":"PostmanRuntime/7.29.2"}
{"method":"GET","path":"/api/v1/companyAdmin/productList","time":"2022-09-01T06:47:42.217Z","status":200,"data":{},"ua":"PostmanRuntime/7.29.2"}
{"method":"PUT","path":"/api/v1/companyAdmin/updateProduct","time":"2022-09-01T06:49:05.618Z","status":200,"data":{"productId":"productId","productName":"test product1","productImage":"","description":"this is a test product1","availableQuantity":"11","price":"1001","tax":"10"},"ua":"PostmanRuntime/7.29.2"}
{"method":"GET","path":"/api/v1/companyAdmin/productList","time":"2022-09-01T06:49:17.258Z","status":200,"data":{},"ua":"PostmanRuntime/7.29.2"}
{"method":"PUT","path":"/api/v1/companyAdmin/updateProduct","time":"2022-09-01T06:50:35.513Z","status":200,"data":{"productId":"productId","productName":"test product1","productImage":"","description":"this is a test product1","availableQuantity":"11","price":"1001","tax":"10"},"ua":"PostmanRuntime/7.29.2"}
{"method":"PUT","path":"/api/v1/companyAdmin/updateProduct","time":"2022-09-01T06:50:55.710Z","status":200,"data":{"productId":"productId","productName":"test product1","productImage":"","description":"this is a test product1","availableQuantity":"11","price":"1001","tax":"10"},"ua":"PostmanRuntime/7.29.2"}
{"method":"PUT","path":"/api/v1/companyAdmin/updateProduct","time":"2022-09-01T06:51:17.829Z","status":200,"data":{"productId":"productId","productName":"test product1","productImage":"","description":"this is a test product1","availableQuantity":"11","price":"1001","tax":"10"},"ua":"PostmanRuntime/7.29.2"}
{"method":"PUT","path":"/api/v1/companyAdmin/updateProduct","time":"2022-09-01T07:09:32.747Z","status":200,"data":{"productId":"440f24f3-1a03-4871-96b1-996f3aa5d29d","productName":"test product1","productImage":"","description":"this is a test product1","availableQuantity":"11","price":"1001","tax":"10"},"ua":"PostmanRuntime/7.29.2"}
{"method":"GET","path":"/api/v1/companyAdmin/productList","time":"2022-09-01T07:09:37.430Z","status":200,"data":{},"ua":"PostmanRuntime/7.29.2"}
{"method":"GET","path":"/api/v1/companyAdmin/customerListforSales","time":"2022-09-01T07:10:15.574Z","status":200,"data":{},"ua":"PostmanRuntime/7.29.2"}
{"method":"POST","path":"/api/v1/companyAdmin/createSalesCommission","time":"2022-09-01T07:10:40.853Z","status":200,"data":{"customerId":"8d5719e0-56a3-420e-9085-febdc9f10966","customerCommissionSplitId":"21c4ab21-fe48-44f0-9c45-545d704e23c9","customerCloserId":"7457de89-c997-431c-b9ba-5ab468104ac5","supporters":[{"id":"2ab7830d-c9c0-4c94-b566-b11cd7784415","percentage":40}],"qualification":"qualifications ","is_qualified":false,"targetAmount":"9000","products":["440f24f3-1a03-4871-96b1-996f3aa5d29d"],"targetClosingDate":"10/12/2022","is_overwrite":false,"closerPercentage":60,"businessId":"","revenueId":"","subscriptionPlan":"","recurringDate":"","salesType":"Perpectual"},"ua":"PostmanRuntime/7.29.2"}
{"method":"POST","path":"/api/v1/companyAdmin/createSalesCommission","time":"2022-09-01T07:11:51.316Z","status":200,"data":{"customerId":"8d5719e0-56a3-420e-9085-febdc9f10966","customerCommissionSplitId":"21c4ab21-fe48-44f0-9c45-545d704e23c9","customerCloserId":"7457de89-c997-431c-b9ba-5ab468104ac5","supporters":[{"id":"2ab7830d-c9c0-4c94-b566-b11cd7784415","percentage":40}],"qualification":"qualifications ","is_qualified":false,"targetAmount":"9000","products":["440f24f3-1a03-4871-96b1-996f3aa5d29d"],"targetClosingDate":"10/12/2022","is_overwrite":false,"closerPercentage":60,"businessId":"","revenueId":"","subscriptionPlan":"","recurringDate":"","salesType":"Perpectual"},"ua":"PostmanRuntime/7.29.2"}
{"method":"POST","path":"/api/v1/companyAdmin/createSalesCommission","time":"2022-09-01T07:13:07.566Z","status":200,"data":{"customerId":"8d5719e0-56a3-420e-9085-febdc9f10966","customerCommissionSplitId":"21c4ab21-fe48-44f0-9c45-545d704e23c9","customerCloserId":"7457de89-c997-431c-b9ba-5ab468104ac5","supporters":[{"id":"2ab7830d-c9c0-4c94-b566-b11cd7784415","percentage":40}],"qualification":"qualifications ","is_qualified":false,"targetAmount":"9000","products":["440f24f3-1a03-4871-96b1-996f3aa5d29d"],"targetClosingDate":"10/12/2022","is_overwrite":false,"closerPercentage":60,"businessId":"","revenueId":"","subscriptionPlan":"","recurringDate":"","salesType":"Perpectual"},"ua":"PostmanRuntime/7.29.2"}
{"method":"POST","path":"/api/v1/companyAdmin/createSalesCommission","time":"2022-09-01T07:24:54.574Z","status":200,"data":{"customerId":"8d5719e0-56a3-420e-9085-febdc9f10966","customerCommissionSplitId":"21c4ab21-fe48-44f0-9c45-545d704e23c9","customerCloserId":"7457de89-c997-431c-b9ba-5ab468104ac5","supporters":[{"id":"2ab7830d-c9c0-4c94-b566-b11cd7784415","percentage":40}],"qualification":"qualifications ","is_qualified":false,"targetAmount":"9000","products":["440f24f3-1a03-4871-96b1-996f3aa5d29d"],"targetClosingDate":"10/12/2022","is_overwrite":false,"closerPercentage":60,"businessId":"","revenueId":"","subscriptionPlan":"","recurringDate":"","salesType":"Perpectual"},"ua":"PostmanRuntime/7.29.2"}
{"method":"POST","path":"/api/v1/companyAdmin/createSalesCommission","time":"2022-09-01T07:26:18.644Z","status":200,"data":{"customerId":"8d5719e0-56a3-420e-9085-febdc9f10966","customerCommissionSplitId":"21c4ab21-fe48-44f0-9c45-545d704e23c9","customerCloserId":"7457de89-c997-431c-b9ba-5ab468104ac5","supporters":[{"id":"2ab7830d-c9c0-4c94-b566-b11cd7784415","percentage":40}],"qualification":"qualifications ","is_qualified":false,"targetAmount":"9000","products":["440f24f3-1a03-4871-96b1-996f3aa5d29d"],"targetClosingDate":"10/12/2022","is_overwrite":false,"closerPercentage":60,"businessId":"","revenueId":"","subscriptionPlan":"","recurringDate":"","salesType":"Perpectual"},"ua":"PostmanRuntime/7.29.2"}
{"method":"POST","path":"/api/v1/companyAdmin/createSalesCommission","time":"2022-09-01T07:26:55.174Z","status":200,"data":{"customerId":"8d5719e0-56a3-420e-9085-febdc9f10966","customerCommissionSplitId":"21c4ab21-fe48-44f0-9c45-545d704e23c9","customerCloserId":"7457de89-c997-431c-b9ba-5ab468104ac5","supporters":[{"id":"2ab7830d-c9c0-4c94-b566-b11cd7784415","percentage":40}],"qualification":"qualifications ","is_qualified":false,"targetAmount":"9000","products":["440f24f3-1a03-4871-96b1-996f3aa5d29d"],"targetClosingDate":"10/12/2022","is_overwrite":false,"closerPercentage":60,"businessId":"","revenueId":"","subscriptionPlan":"","recurringDate":"","salesType":"Perpectual"},"ua":"PostmanRuntime/7.29.2"}
{"method":"GET","path":"/api/v1/companyAdmin/commissionSplitList","time":"2022-09-01T07:27:11.115Z","status":200,"data":{},"ua":"PostmanRuntime/7.29.2"}
{"method":"POST","path":"/api/v1/companyAdmin/createSalesCommission","time":"2022-09-01T07:27:39.818Z","status":200,"data":{"customerId":"8d5719e0-56a3-420e-9085-febdc9f10966","customerCommissionSplitId":"d04ce6cc-68d1-4b9f-a2e9-66d603722eb8","customerCloserId":"7457de89-c997-431c-b9ba-5ab468104ac5","supporters":[{"id":"2ab7830d-c9c0-4c94-b566-b11cd7784415","percentage":30}],"qualification":"qualifications ","is_qualified":false,"targetAmount":"9000","products":["440f24f3-1a03-4871-96b1-996f3aa5d29d"],"targetClosingDate":"10/12/2022","is_overwrite":false,"closerPercentage":70,"businessId":"","revenueId":"","subscriptionPlan":"","recurringDate":"","salesType":"Perpectual"},"ua":"PostmanRuntime/7.29.2"}
{"method":"GET","path":"/api/v1/companyAdmin/salesCommissionList","time":"2022-09-01T08:16:38.552Z","status":401,"data":{},"ua":"PostmanRuntime/7.29.2"}
{"method":"GET","path":"/api/v1/companyAdmin/salesCommissionList","time":"2022-09-01T08:16:51.682Z","status":200,"data":{},"ua":"PostmanRuntime/7.29.2"}
{"method":"GET","path":"/api/v1/companyAdmin/salesCommissionList","time":"2022-09-01T08:17:23.355Z","status":200,"data":{},"ua":"PostmanRuntime/7.29.2"}
{"method":"GET","path":"/api/v1/companyAdmin/salesCommissionList","time":"2022-09-01T08:20:51.170Z","status":200,"data":{},"ua":"PostmanRuntime/7.29.2"}
{"method":"GET","path":"/api/v1/companyAdmin/salesCommissionList","time":"2022-09-01T08:21:22.431Z","status":200,"data":{},"ua":"PostmanRuntime/7.29.2"}
{"method":"GET","path":"/api/v1/companyAdmin/salesCommissionList","time":"2022-09-01T08:21:58.775Z","status":200,"data":{},"ua":"PostmanRuntime/7.29.2"}
{"method":"GET","path":"/api/v1/companyAdmin/salesCommissionList","time":"2022-09-01T08:22:34.302Z","status":200,"data":{},"ua":"PostmanRuntime/7.29.2"}
{"method":"GET","path":"/api/v1/companyAdmin/salesCommissionList","time":"2022-09-01T08:23:22.581Z","status":200,"data":{},"ua":"PostmanRuntime/7.29.2"}
{"method":"GET","path":"/api/v1/companyAdmin/salesCommissionList","time":"2022-09-01T08:25:42.638Z","status":200,"data":{},"ua":"PostmanRuntime/7.29.2"}
{"method":"GET","path":"/api/v1/companyAdmin/salesCommissionList","time":"2022-09-01T08:26:05.411Z","status":200,"data":{},"ua":"PostmanRuntime/7.29.2"}
{"method":"GET","path":"/api/v1/companyAdmin/salesCommissionList","time":"2022-09-01T08:29:18.259Z","status":200,"data":{},"ua":"PostmanRuntime/7.29.2"}
{"method":"GET","path":"/api/v1/companyAdmin/salesCommissionList","time":"2022-09-01T08:29:38.755Z","status":200,"data":{},"ua":"PostmanRuntime/7.29.2"}
{"method":"GET","path":"/api/v1/companyAdmin/salesCommissionList","time":"2022-09-01T08:31:51.955Z","status":200,"data":{},"ua":"PostmanRuntime/7.29.2"}
{"method":"GET","path":"/api/v1/companyAdmin/salesCommissionList","time":"2022-09-01T08:33:35.218Z","status":200,"data":{},"ua":"PostmanRuntime/7.29.2"}
{"method":"GET","path":"/api/v1/companyAdmin/salesCommissionList","time":"2022-09-01T08:34:48.108Z","status":200,"data":{},"ua":"PostmanRuntime/7.29.2"}
{"method":"GET","path":"/api/v1/companyAdmin/productList","time":"2022-09-01T08:43:40.170Z","status":200,"data":{},"ua":"PostmanRuntime/7.29.2"}
{"method":"GET","path":"/api/v1/companyAdmin/productList","time":"2022-09-01T08:47:52.916Z","status":200,"data":{},"ua":"PostmanRuntime/7.29.2"}
{"method":"GET","path":"/api/v1/companyAdmin/moduleList","time":"2022-09-01T08:50:46.030Z","status":200,"data":{},"ua":"PostmanRuntime/7.29.2"}
{"method":"GET","path":"/api/v1/companyAdmin/salesCommissionLogsList?salesCommissionId=44bda7bb-f9db-4138-af3a-ee17c271c54a","time":"2022-09-01T08:56:06.836Z","status":200,"data":{},"ua":"PostmanRuntime/7.29.2"}
{"method":"POST","path":"/api/v1/companyAdmin/uploadProductImage","time":"2022-09-01T09:02:52.944Z","status":200,"data":{},"ua":"PostmanRuntime/7.29.2"}
{"method":"GET","path":"/api/v1/companyAdmin/revenuePerProduct","time":"2022-09-01T09:13:08.236Z","status":200,"data":{},"ua":"PostmanRuntime/7.29.2"}
{"method":"POST","path":"/api/v1/companyAdmin/closeCustomer","time":"2022-09-01T09:13:45.806Z","status":200,"data":{"customerId":"8d5719e0-56a3-420e-9085-febdc9f10966"},"ua":"PostmanRuntime/7.29.2"}
{"method":"GET","path":"/api/v1/companyAdmin/revenuePerProduct","time":"2022-09-01T09:13:54.865Z","status":200,"data":{},"ua":"PostmanRuntime/7.29.2"}
{"method":"GET","path":"/api/v1/companyAdmin/revenuePerProduct","time":"2022-09-01T09:16:33.815Z","status":200,"data":{},"ua":"PostmanRuntime/7.29.2"}
{"method":"GET","path":"/api/v1/companyAdmin/revenuePerProduct","time":"2022-09-01T09:17:26.277Z","status":200,"data":{},"ua":"PostmanRuntime/7.29.2"}
{"method":"GET","path":"/api/v1/companyAdmin/productList","time":"2022-09-01T09:20:21.765Z","status":200,"data":{},"ua":"PostmanRuntime/7.29.2"}
{"method":"POST","path":"/api/v1/auth/login","time":"2022-09-01T10:30:11.517Z","status":200,"data":{"emailAddress":"test11@yopmail.com","password":"Test#123#"},"ua":"PostmanRuntime/7.29.2"}
{"method":"POST","path":"/api/v1/auth/login","time":"2022-09-01T10:31:07.330Z","status":200,"data":{"emailAddress":"test11@yopmail.com","password":"Test#123#"},"ua":"PostmanRuntime/7.29.2"}
{"method":"POST","path":"/api/v1/auth/login","time":"2022-09-01T10:33:27.407Z","status":200,"data":{"emailAddress":"test11@yopmail.com","password":"Test#123#"},"ua":"PostmanRuntime/7.29.2"}
{"method":"GET","path":"/api/v1/companyAdmin/configList","time":"2022-09-01T10:34:58.795Z","status":200,"data":{},"ua":"PostmanRuntime/7.29.2"}
{"method":"POST","path":"/api/v1/companyAdmin/addConfigs","time":"2022-09-01T10:35:21.672Z","status":200,"data":{"currency":"$","phoneFormat":"USA","dateFormat":"MM-DD-YYYY","graphType":"line"},"ua":"PostmanRuntime/7.29.2"}
{"method":"GET","path":"/api/v1/companyAdmin/configList","time":"2022-09-01T10:35:25.655Z","status":200,"data":{},"ua":"PostmanRuntime/7.29.2"}
{"method":"GET","path":"/productImage/defaultproductImage.png","time":"2022-09-01T11:05:21.964Z","status":404,"data":{},"ua":"Mozilla/5.0 (Windows NT 10.0; Win64; x64) AppleWebKit/537.36 (KHTML, like Gecko) Chrome/104.0.0.0 Safari/537.36"}
{"method":"GET","path":"/productImage/defaultproductImage.png","time":"2022-09-01T11:05:22.248Z","status":404,"data":{},"ua":"Mozilla/5.0 (Windows NT 10.0; Win64; x64) AppleWebKit/537.36 (KHTML, like Gecko) Chrome/104.0.0.0 Safari/537.36"}
{"method":"GET","path":"/productImage/defaultproductImage","time":"2022-09-01T11:06:04.661Z","status":404,"data":{},"ua":"Mozilla/5.0 (Windows NT 10.0; Win64; x64) AppleWebKit/537.36 (KHTML, like Gecko) Chrome/104.0.0.0 Safari/537.36"}
{"method":"GET","path":"/productImage/lock-screen.jpg","time":"2022-09-01T11:06:23.315Z","status":404,"data":{},"ua":"Mozilla/5.0 (Windows NT 10.0; Win64; x64) AppleWebKit/537.36 (KHTML, like Gecko) Chrome/104.0.0.0 Safari/537.36"}
{"method":"GET","path":"/favicon.ico","time":"2022-09-01T11:06:35.872Z","status":404,"data":{},"ua":"Mozilla/5.0 (Windows NT 10.0; Win64; x64) AppleWebKit/537.36 (KHTML, like Gecko) Chrome/104.0.0.0 Safari/537.36"}
{"method":"POST","path":"/api/v1/auth/login","time":"2022-09-01T11:12:01.472Z","status":200,"data":{"emailAddress":"test11@yopmail.com","password":"Test#123#"},"ua":"PostmanRuntime/7.29.2"}
{"method":"GET","path":"/api/v1/companyAdmin/productList","time":"2022-09-01T11:12:26.594Z","status":200,"data":{},"ua":"PostmanRuntime/7.29.2"}
{"method":"PUT","path":"/api/v1/companyAdmin/deleteProduct","time":"2022-09-01T11:12:36.860Z","status":200,"data":{"productId":"440f24f3-1a03-4871-96b1-996f3aa5d29d"},"ua":"PostmanRuntime/7.29.2"}
{"method":"PUT","path":"/api/v1/companyAdmin/deleteProduct","time":"2022-09-01T11:14:01.600Z","status":200,"data":{"productId":"440f24f3-1a03-4871-96b1-996f3aa5d29d"},"ua":"PostmanRuntime/7.29.2"}
{"method":"POST","path":"/api/v1/companyAdmin/uploadProductFile","time":"2022-09-01T11:56:33.028Z","status":200,"data":{},"ua":"PostmanRuntime/7.29.2"}
{"method":"POST","path":"/api/v1/companyAdmin/uploadProductFile","time":"2022-09-01T11:57:56.015Z","status":200,"data":{},"ua":"PostmanRuntime/7.29.2"}
{"method":"POST","path":"/api/v1/companyAdmin/uploadProductFile","time":"2022-09-01T11:58:52.522Z","status":200,"data":{},"ua":"PostmanRuntime/7.29.2"}
{"method":"POST","path":"/api/v1/companyAdmin/uploadProductFile","time":"2022-09-01T12:08:40.944Z","status":200,"data":{},"ua":"PostmanRuntime/7.29.2"}
{"method":"POST","path":"/api/v1/companyAdmin/uploadProductFile","time":"2022-09-01T12:10:25.929Z","status":200,"data":{},"ua":"PostmanRuntime/7.29.2"}
{"method":"POST","path":"/api/v1/companyAdmin/uploadProductFile","time":"2022-09-01T12:11:16.874Z","status":200,"data":{},"ua":"PostmanRuntime/7.29.2"}
