{"method":"POST","path":"/api/v1/auth/forgotPassword","time":"2022-09-06T06:04:27.715Z","status":200,"data":{"emailAddress":"test11@yopmail.com"},"ua":"PostmanRuntime/7.29.2"}
{"method":"POST","path":"/api/v1/auth/forgotPassword","time":"2022-09-06T06:05:13.649Z","status":200,"data":{"emailAddress":"test11@yopmail.com"},"ua":"PostmanRuntime/7.29.2"}
{"method":"POST","path":"/api/v1/auth/forgotPassword","time":"2022-09-06T06:06:01.169Z","status":200,"data":{"emailAddress":"test11@yopmail.com"},"ua":"PostmanRuntime/7.29.2"}
{"method":"POST","path":"/api/v1/auth/forgotPassword","time":"2022-09-06T06:08:30.381Z","status":200,"data":{"emailAddress":"test11@yopmail.com"},"ua":"PostmanRuntime/7.29.2"}
{"method":"POST","path":"/api/v1/auth/forgotPassword","time":"2022-09-06T06:15:19.936Z","status":200,"data":{"emailAddress":"test11@yopmail.com"},"ua":"PostmanRuntime/7.29.2"}
{"method":"POST","path":"/api/v1/auth/forgotPassword","time":"2022-09-06T06:16:11.841Z","status":200,"data":{"emailAddress":"test11@yopmail.com"},"ua":"PostmanRuntime/7.29.2"}
{"method":"POST","path":"/api/v1/auth/forgotPassword","time":"2022-09-06T06:19:57.818Z","status":200,"data":{"emailAddress":"test11@yopmail.com"},"ua":"PostmanRuntime/7.29.2"}
{"method":"POST","path":"/api/v1/auth/forgotPassword","time":"2022-09-06T06:20:59.131Z","status":200,"data":{"emailAddress":"test11@yopmail.com"},"ua":"PostmanRuntime/7.29.2"}
{"method":"POST","path":"/api/v1/auth/forgotPassword","time":"2022-09-06T06:23:55.959Z","status":200,"data":{"emailAddress":"test11@yopmail.com"},"ua":"PostmanRuntime/7.29.2"}
{"method":"POST","path":"/api/v1/auth/forgotPassword","time":"2022-09-06T06:24:21.813Z","status":200,"data":{"emailAddress":"test11@yopmail.com"},"ua":"PostmanRuntime/7.29.2"}
{"method":"POST","path":"/api/v1/auth/forgotPassword","time":"2022-09-06T06:25:19.681Z","status":200,"data":{"emailAddress":"test11@yopmail.com"},"ua":"PostmanRuntime/7.29.2"}
{"method":"POST","path":"/api/v1/auth/forgotPassword","time":"2022-09-06T06:29:28.295Z","status":200,"data":{"emailAddress":"test11@yopmail.com"},"ua":"PostmanRuntime/7.29.2"}
{"method":"POST","path":"/api/v1/auth/forgotPassword","time":"2022-09-06T06:29:53.964Z","status":200,"data":{"emailAddress":"test11@yopmail.com"},"ua":"PostmanRuntime/7.29.2"}
{"method":"POST","path":"/api/v1/auth/forgotPassword","time":"2022-09-06T06:30:27.462Z","status":200,"data":{"emailAddress":"test11@yopmail.com"},"ua":"PostmanRuntime/7.29.2"}
{"method":"POST","path":"/api/v1/auth/forgotPassword","time":"2022-09-06T06:32:10.016Z","status":200,"data":{"emailAddress":"test11@yopmail.com"},"ua":"PostmanRuntime/7.29.2"}
{"method":"POST","path":"/api/v1/auth/signUp","time":"2022-09-06T07:01:29.732Z","status":200,"data":{"companyName":"mamta pvt. ltd","companyLogo":"http:/localhost:3003/comapnyLogo/favicon.png","companyAddress":"Crystal IT park indore","name":"Mamta","avatar":"","emailAddress":"mamta@yopmail.com","mobileNumber":"8897564897","phoneNumber":" 0731 498 0457","encryptedPassword":"Test@123#"},"ua":"PostmanRuntime/7.29.2"}
{"method":"POST","path":"/api/v1/auth/verifyUser","time":"2022-09-06T07:02:34.649Z","status":200,"data":{"token":"eyJhbGciOiJIUzI1NiIsInR5cCI6IkpXVCJ9.eyJpZCI6IjljNzYxMzVlLTE0NTMtNGY2ZS05Mzc3LWZkODE1ZTU4MWQyZCIsImVtYWlsIjoibWFtdGFAeW9wbWFpbC5jb20iLCJpYXQiOjE2NjI0NDc2ODksImV4cCI6MTY2MjUzNDA4OX0.MwTGX7NkLLrRNYCdomGUCiwXrf8a7rQMaQ9I7SroNts"},"ua":"PostmanRuntime/7.29.2"}
{"method":"POST","path":"/api/v1/auth/login","time":"2022-09-06T07:03:26.788Z","status":200,"data":{"emailAddress":"test11@yopmail.com","password":"Test@123#"},"ua":"PostmanRuntime/7.29.2"}
{"method":"GET","path":"/api/v1/companyAdmin/usersList","time":"2022-09-06T07:03:58.829Z","status":200,"data":{},"ua":"PostmanRuntime/7.29.2"}
{"method":"POST","path":"/api/v1/companyAdmin/addUser","time":"2022-09-06T07:04:38.650Z","status":200,"data":{"name":"jatin","avatar":"","emailAddress":"jatin@yopmail.com","address":"Indore Mp","mobileNumber":"9754258352","roleId":"6e0aa853-9b02-4064-bbb2-ea473097772c","encryptedPassword":""},"ua":"PostmanRuntime/7.29.2"}
{"method":"POST","path":"/api/v1/auth/setPassword","time":"2022-09-06T07:06:12.361Z","status":200,"data":{"token":"eyJhbGciOiJIUzI1NiIsInR5cCI6IkpXVCJ9.eyJpZCI6ImI4Njc2ZTMxLWQ2NjktNDkxZS05ZjJjLTkxM2ZjMDFlYzMxYiIsImVtYWlsIjoiamF0aW5AeW9wbWFpbC5jb20iLCJpYXQiOjE2NjI0NDc4NzcsImV4cCI6MTY2MjUzNDI3N30.TadldMTV6vhrVflxERPa6CQnBgJzMvLAmHsoixq2OVU","password":"jatin@123#"},"ua":"PostmanRuntime/7.29.2"}
{"method":"POST","path":"/api/v1/auth/contactUs","time":"2022-09-06T07:07:59.983Z","status":200,"data":{"fullName":"Rahul Mandloi","email":"shubham@yopmail.com","subject":"Query about Pricing of the product","message":"this is the test query about the product","address":"indore,MP, india"},"ua":"PostmanRuntime/7.29.2"}
{"method":"POST","path":"/api/v1/auth/contactUs","time":"2022-09-06T07:08:49.681Z","status":200,"data":{"fullName":"Rahul Mandloi","email":"shubham@yopmail.com","subject":"Query about Pricing of the product","message":"this is the test query about the product","address":"indore,MP, india"},"ua":"PostmanRuntime/7.29.2"}
{"method":"POST","path":"/api/v1/auth/login","time":"2022-09-06T09:51:33.588Z","status":200,"data":{"emailAddress":"test11@yopmail.com","password":"Test@123#"},"ua":"PostmanRuntime/7.29.2"}
{"method":"POST","path":"/api/v1/auth/forgotPassword","time":"2022-09-06T09:52:20.699Z","status":200,"data":{"emailAddress":"test11@yopmail.com"},"ua":"PostmanRuntime/7.29.2"}
{"method":"POST","path":"/api/v1/companyAdmin/addUser","time":"2022-09-06T09:53:48.389Z","status":200,"data":{"name":"chetan","avatar":"","emailAddress":"chetan11@yopmail.com","address":"Indore Mp","mobileNumber":"9754258352","roleId":"6e0aa853-9b02-4064-bbb2-ea473097772c","encryptedPassword":""},"ua":"PostmanRuntime/7.29.2"}
{"method":"POST","path":"/api/v1/auth/forgotPassword","time":"2022-09-06T09:55:40.794Z","status":200,"data":{"emailAddress":"test11@yopmail.com"},"ua":"PostmanRuntime/7.29.2"}
{"method":"POST","path":"/api/v1/auth/forgotPassword","time":"2022-09-06T09:57:47.940Z","status":200,"data":{"emailAddress":"test11@yopmail.com"},"ua":"PostmanRuntime/7.29.2"}
{"method":"POST","path":"/api/v1/auth/forgotPassword","time":"2022-09-06T09:59:18.227Z","status":200,"data":{"emailAddress":"test11@yopmail.com"},"ua":"PostmanRuntime/7.29.2"}
{"method":"POST","path":"/api/v1/auth/forgotPassword","time":"2022-09-06T10:00:02.280Z","status":200,"data":{"emailAddress":"test11@yopmail.com"},"ua":"PostmanRuntime/7.29.2"}
