{"method":"POST","path":"/api/v1/auth/login","time":"2022-09-07T09:53:33.736Z","status":200,"data":{"emailAddress":"test11@yopmail.com","password":"Test@123#"},"ua":"PostmanRuntime/7.29.2"}
{"method":"GET","path":"/api/v1/companyAdmin/moduleList","time":"2022-09-07T09:53:53.180Z","status":200,"data":{},"ua":"PostmanRuntime/7.29.2"}
{"method":"GET","path":"/api/v1/companyAdmin/rolesList","time":"2022-09-07T09:54:05.872Z","status":200,"data":{},"ua":"PostmanRuntime/7.29.2"}
{"method":"GET","path":"/api/v1/companyAdmin/userWiseRoleList","time":"2022-09-07T09:54:21.738Z","status":200,"data":{},"ua":"PostmanRuntime/7.29.2"}
{"method":"GET","path":"/api/v1/companyAdmin/userWiseRoleList","time":"2022-09-07T09:54:38.758Z","status":200,"data":{},"ua":"PostmanRuntime/7.29.2"}
{"method":"GET","path":"/api/v1/companyAdmin/usersListByRoleId","time":"2022-09-07T09:54:56.406Z","status":200,"data":{"roleId":"fd934c40-e892-40a8-b78a-71be2e8c449f"},"ua":"PostmanRuntime/7.29.2"}
{"method":"GET","path":"/api/v1/companyAdmin/slabList","time":"2022-09-07T10:31:21.335Z","status":200,"data":{},"ua":"PostmanRuntime/7.29.2"}
{"method":"GET","path":"/api/v1/companyAdmin/usersList","time":"2022-09-07T10:31:28.699Z","status":200,"data":{},"ua":"PostmanRuntime/7.29.2"}
{"method":"GET","path":"/api/v1/companyAdmin/showUserById","time":"2022-09-07T10:31:33.587Z","status":401,"data":{"userId":"b212e945-44b1-4302-bb78-9814bfaf0400"},"ua":"PostmanRuntime/7.29.2"}
{"method":"GET","path":"/api/v1/companyAdmin/usersList","time":"2022-09-07T10:31:42.405Z","status":200,"data":{},"ua":"PostmanRuntime/7.29.2"}
{"method":"GET","path":"/api/v1/companyAdmin/showUserById","time":"2022-09-07T10:31:55.754Z","status":200,"data":{"userId":"b212e945-44b1-4302-bb78-9814bfaf0400"},"ua":"PostmanRuntime/7.29.2"}
{"method":"GET","path":"/api/v1/companyAdmin/revenuePerCustomer","time":"2022-09-07T10:32:06.711Z","status":200,"data":{},"ua":"PostmanRuntime/7.29.2"}
{"method":"GET","path":"/api/v1/companyAdmin/totalRevenue?status=Monthly","time":"2022-09-07T10:32:12.023Z","status":200,"data":{},"ua":"PostmanRuntime/7.29.2"}
{"method":"GET","path":"/api/v1/companyAdmin/revenuePerProduct","time":"2022-09-07T10:32:22.602Z","status":200,"data":{},"ua":"PostmanRuntime/7.29.2"}
{"method":"GET","path":"/api/v1/companyAdmin/productList","time":"2022-09-07T10:34:16.913Z","status":200,"data":{},"ua":"PostmanRuntime/7.29.2"}
{"method":"GET","path":"/api/v1/companyAdmin/revenuePerProduct","time":"2022-09-07T10:34:44.638Z","status":200,"data":{},"ua":"PostmanRuntime/7.29.2"}
{"method":"GET","path":"/api/v1/companyAdmin/revenuePerProduct","time":"2022-09-07T10:35:22.344Z","status":200,"data":{},"ua":"PostmanRuntime/7.29.2"}
{"method":"GET","path":"/api/v1/companyAdmin/revenuePerSalesRep","time":"2022-09-07T10:35:33.403Z","status":200,"data":{},"ua":"PostmanRuntime/7.29.2"}
{"method":"GET","path":"/api/v1/companyAdmin/customerList","time":"2022-09-07T10:35:50.007Z","status":200,"data":{},"ua":"PostmanRuntime/7.29.2"}
{"method":"GET","path":"/api/v1/companyAdmin/customerCompanyList?companyName=","time":"2022-09-07T10:35:54.906Z","status":200,"data":{},"ua":"PostmanRuntime/7.29.2"}
{"method":"GET","path":"/api/v1/companyAdmin/customerContactDetails?customerCompanyId=20b70e27-8bb1-4b22-9d35-46b7fe13ba8e","time":"2022-09-07T10:35:59.100Z","status":200,"data":{},"ua":"PostmanRuntime/7.29.2"}
{"method":"GET","path":"/api/v1/companyAdmin/customerListforSales","time":"2022-09-07T10:36:08.128Z","status":200,"data":{},"ua":"PostmanRuntime/7.29.2"}
{"method":"GET","path":"/api/v1/companyAdmin/salesCommissionList","time":"2022-09-07T10:36:12.026Z","status":200,"data":{},"ua":"PostmanRuntime/7.29.2"}
{"method":"GET","path":"/api/v1/companyAdmin/salesCommissionList","time":"2022-09-07T10:38:11.572Z","status":200,"data":{},"ua":"PostmanRuntime/7.29.2"}
{"method":"GET","path":"/api/v1/companyAdmin/salesCommissionList","time":"2022-09-07T10:39:11.632Z","status":200,"data":{},"ua":"PostmanRuntime/7.29.2"}
{"method":"GET","path":"/api/v1/companyAdmin/notesList?salesCommissionId=264c1717-d253-49c6-8265-839c85e0e777","time":"2022-09-07T10:39:26.271Z","status":200,"data":{},"ua":"PostmanRuntime/7.29.2"}
{"method":"GET","path":"/api/v1/companyAdmin/salesCommissionLogsList?salesCommissionId=44bda7bb-f9db-4138-af3a-ee17c271c54a","time":"2022-09-07T10:39:32.734Z","status":200,"data":{},"ua":"PostmanRuntime/7.29.2"}
{"method":"GET","path":"/api/v1/companyAdmin/salesCommissionLogsList?salesCommissionId=44bda7bb-f9db-4138-af3a-ee17c271c54a","time":"2022-09-07T10:40:05.667Z","status":200,"data":{},"ua":"PostmanRuntime/7.29.2"}
{"method":"GET","path":"/api/v1/companyAdmin/commissionSplitList","time":"2022-09-07T10:40:23.720Z","status":200,"data":{},"ua":"PostmanRuntime/7.29.2"}
{"method":"GET","path":"/api/v1/companyAdmin/revenues","time":"2022-09-07T10:40:30.112Z","status":200,"data":{},"ua":"PostmanRuntime/7.29.2"}
{"method":"GET","path":"/api/v1/companyAdmin/revenueForecastList","time":"2022-09-07T10:40:51.157Z","status":200,"data":{},"ua":"PostmanRuntime/7.29.2"}
{"method":"GET","path":"/api/v1/companyAdmin/actualVsForecast?id=b84dfb77-61fa-4ba0-b625-6d4ff298e519","time":"2022-09-07T10:40:58.014Z","status":200,"data":{},"ua":"PostmanRuntime/7.29.2"}
{"method":"GET","path":"/api/v1/companyAdmin/customerContactDetailsForSales?customerId=be26667c-341e-41a1-9de8-4ec624cd224b","time":"2022-09-07T10:41:06.639Z","status":200,"data":{},"ua":"PostmanRuntime/7.29.2"}
{"method":"GET","path":"/api/v1/companyAdmin/customerContactDetailsForSales?customerId=be26667c-341e-41a1-9de8-4ec624cd224b","time":"2022-09-07T10:42:32.582Z","status":200,"data":{},"ua":"PostmanRuntime/7.29.2"}
{"method":"GET","path":"/api/v1/companyAdmin/configList","time":"2022-09-07T10:44:10.702Z","status":200,"data":{},"ua":"PostmanRuntime/7.29.2"}
{"method":"GET","path":"/api/v1/companyAdmin/productList","time":"2022-09-07T10:44:15.455Z","status":200,"data":{},"ua":"PostmanRuntime/7.29.2"}
{"method":"POST","path":"/api/v1/companyAdmin/addProduct","time":"2022-09-07T10:44:51.566Z","status":200,"data":{"productName":"test product10000","productImage":"","description":"this is a test product10000","availableQuantity":"10","price":"1000","tax":"10"},"ua":"PostmanRuntime/7.29.2"}
{"method":"GET","path":"/api/v1/companyAdmin/productList","time":"2022-09-07T10:44:58.025Z","status":200,"data":{},"ua":"PostmanRuntime/7.29.2"}
{"method":"PUT","path":"/api/v1/companyAdmin/updateProduct","time":"2022-09-07T10:45:16.292Z","status":200,"data":{"productId":"45e26783-606c-4644-afe1-3511050d8725","productName":"test product11","productImage":"","description":"this is a test product11","availableQuantity":"11","price":"1001","tax":"10"},"ua":"PostmanRuntime/7.29.2"}
{"method":"PUT","path":"/api/v1/companyAdmin/deleteProduct","time":"2022-09-07T10:45:31.026Z","status":200,"data":{"productId":"45e26783-606c-4644-afe1-3511050d8725"},"ua":"PostmanRuntime/7.29.2"}
{"method":"POST","path":"/api/v1/auth/contactUs","time":"2022-09-07T11:09:04.734Z","status":200,"data":{"fullName":"Rahul Mandloi","email":"shubham@yopmail.com","subject":"Query about Pricing of the product","message":"this is the test query about the product","address":"indore,MP, india"},"ua":"PostmanRuntime/7.29.2"}
{"method":"POST","path":"/api/v1/auth/contactUs","time":"2022-09-07T11:13:06.871Z","status":200,"data":{"fullName":"Rahul Mandloi","email":"shubham@yopmail.com","subject":"Query about Pricing of the product","message":"this is the test query about the product","address":"indore,MP, india"},"ua":"PostmanRuntime/7.29.2"}
{"method":"POST","path":"/api/v1/auth/contactUs","time":"2022-09-07T11:13:58.994Z","status":200,"data":{"fullName":"Rahul Mandloi","email":"shubham@yopmail.com","subject":"Query about Pricing of the product","message":"this is the test query about the product","address":"indore,MP, india"},"ua":"PostmanRuntime/7.29.2"}
{"method":"POST","path":"/api/v1/auth/contactUs","time":"2022-09-07T11:14:48.606Z","status":200,"data":{"fullName":"Rahul Mandloi","email":"shubham@yopmail.com","subject":"Query about Pricing of the product","message":"this is the test query about the product","address":"indore,MP, india"},"ua":"PostmanRuntime/7.29.2"}
{"method":"POST","path":"/api/v1/auth/contactUs","time":"2022-09-07T11:15:04.568Z","status":200,"data":{"fullName":"Rahul Mandloi","email":"shubham@yopmail.com","subject":"Query about Pricing of the product","message":"this is the test query about the product","address":"indore,MP, india"},"ua":"PostmanRuntime/7.29.2"}
{"method":"POST","path":"/api/v1/auth/contactUs","time":"2022-09-07T11:18:11.336Z","status":200,"data":{"fullName":"Rahul Mandloi","email":"shubham@yopmail.com","subject":"Query about Pricing of the product","message":"this is the test query about the product","address":"indore,MP, india"},"ua":"PostmanRuntime/7.29.2"}
{"method":"POST","path":"/api/v1/auth/signUp","time":"2022-09-07T11:22:25.092Z","status":200,"data":{"companyName":"thinkcenter pvt. ltd.","companyLogo":"http:/localhost:3003/comapnyLogo/favicon.png","companyAddress":"bengaluru","name":"jackie","avatar":"","emailAddress":"jackie@yopmail.com","mobileNumber":"8897564897","phoneNumber":" 0731 498 0457","encryptedPassword":"Test@123#"},"ua":"PostmanRuntime/7.29.2"}
{"method":"POST","path":"/api/v1/auth/verifyUser","time":"2022-09-07T11:23:24.316Z","status":200,"data":{"token":"eyJhbGciOiJIUzI1NiIsInR5cCI6IkpXVCJ9.eyJpZCI6ImQ5YzJiMjkzLWJlMmYtNGE0OS1hYTJiLTE3MzcxZDk3NGYzOCIsImVtYWlsIjoiamFja2llQHlvcG1haWwuY29tIiwiaWF0IjoxNjYyNTQ5NzQwLCJleHAiOjE2NjI2MzYxNDB9.wJDkfjYUsBX5oNJf0MxyWS7oohaE-pSIqVvm7DMIv_0"},"ua":"PostmanRuntime/7.29.2"}
{"method":"POST","path":"/api/v1/auth/login","time":"2022-09-07T11:23:46.492Z","status":200,"data":{"emailAddress":"jackie@yopmail.com","password":"Test@123#"},"ua":"PostmanRuntime/7.29.2"}
{"method":"POST","path":"/api/v1/auth/upload","time":"2022-09-07T11:24:23.110Z","status":200,"data":{},"ua":"PostmanRuntime/7.29.2"}
{"method":"GET","path":"/api/v1/companyAdmin/showProfile","time":"2022-09-07T11:24:35.206Z","status":200,"data":{},"ua":"PostmanRuntime/7.29.2"}
{"method":"PUT","path":"/api/v1/companyAdmin/changePassword","time":"2022-09-07T11:25:07.823Z","status":200,"data":{"oldPassword":"Test@123#","newPassword":"Test@1234#"},"ua":"PostmanRuntime/7.29.2"}
{"method":"PUT","path":"/api/v1/companyAdmin/changePassword","time":"2022-09-07T11:25:14.566Z","status":200,"data":{"oldPassword":"Test@1234#","newPassword":"Test@123#"},"ua":"PostmanRuntime/7.29.2"}
{"method":"POST","path":"/api/v1/auth/forgotPassword","time":"2022-09-07T11:25:30.809Z","status":200,"data":{"emailAddress":"jackie@yopmail.com"},"ua":"PostmanRuntime/7.29.2"}
{"method":"POST","path":"/api/v1/auth/resetPassword","time":"2022-09-07T11:26:01.708Z","status":200,"data":{"token":"eyJhbGciOiJIUzI1NiIsInR5cCI6IkpXVCJ9.eyJpZCI6ImQ5YzJiMjkzLWJlMmYtNGE0OS1hYTJiLTE3MzcxZDk3NGYzOCIsImVtYWlsIjoiamFja2llQHlvcG1haWwuY29tIiwiaWF0IjoxNjYyNTQ5OTI2LCJleHAiOjE2NjI2MzYzMjZ9.DIpB-09HFZvVhVF9HGKKuIOv_3kW8KCeADnr6RVeHVI","password":"Test@123#"},"ua":"PostmanRuntime/7.29.2"}
{"method":"POST","path":"/api/v1/companyAdmin/upload","time":"2022-09-07T11:27:25.024Z","status":200,"data":{},"ua":"PostmanRuntime/7.29.2"}
{"method":"PUT","path":"/api/v1/companyAdmin/updateProfile","time":"2022-09-07T11:27:38.970Z","status":200,"data":{"name":"jackie","avatar":"http://143.198.102.134:3003/avatar/user.jpg","emailAddress":"jackie@yopmail.com","mobileNumber":"8897564897","address":"Crystal IT park indore","phoneNumber":"0731 498 0457"},"ua":"PostmanRuntime/7.29.2"}
{"method":"GET","path":"/api/v1/companyAdmin/showProfile","time":"2022-09-07T11:27:51.095Z","status":200,"data":{},"ua":"PostmanRuntime/7.29.2"}
{"method":"GET","path":"/api/v1/companyAdmin/rolesList","time":"2022-09-07T11:28:07.468Z","status":200,"data":{},"ua":"PostmanRuntime/7.29.2"}
{"method":"GET","path":"/api/v1/companyAdmin/moduleList","time":"2022-09-07T11:28:33.973Z","status":200,"data":{},"ua":"PostmanRuntime/7.29.2"}
{"method":"POST","path":"/api/v1/companyAdmin/createRole","time":"2022-09-07T11:33:21.970Z","status":200,"data":{"roleName":"Manager","reporter":"802e2c69-fae8-4c5a-bf1e-67034c38f8df","modulePermissions":[{"moduleId":"85d5a1aa-8eed-439e-be9c-17f7bf4c3f43","permissionToCreate":true,"permissionToUpdate":true,"permissionToView":true,"permissionToDelete":true},{"moduleId":"f40d0d01-d77a-4eca-9d0f-0a1e22606a62","permissionToCreate":true,"permissionToUpdate":true,"permissionToView":true,"permissionToDelete":true},{"moduleId":"7d06a08e-3c12-45a8-af98-7b30fe03ee4e","permissionToCreate":true,"permissionToUpdate":true,"permissionToView":true,"permissionToDelete":true},{"moduleId":"17ac6db2-17a1-4010-8598-2364db8e9634","permissionToCreate":true,"permissionToUpdate":true,"permissionToView":true,"permissionToDelete":true},{"moduleId":"42489bd9-1474-4a5d-a832-49ef5dd8ced9","permissionToCreate":true,"permissionToUpdate":true,"permissionToView":true,"permissionToDelete":true},{"moduleId":"d3009aa6-05c8-46dc-8dc2-b4af0688a352","permissionToCreate":true,"permissionToUpdate":true,"permissionToView":true,"permissionToDelete":true},{"moduleId":"86407ba7-a064-4f7b-ab0c-fcb75807c3a3","permissionToCreate":true,"permissionToUpdate":true,"permissionToView":true,"permissionToDelete":true},{"moduleId":"a8252ca9-e471-4a1d-848d-aef386a4d71c","permissionToCreate":true,"permissionToUpdate":true,"permissionToView":true,"permissionToDelete":true},{"moduleId":"2ec14d7f-daa4-4908-83b6-fe1023b17ca8","permissionToCreate":true,"permissionToUpdate":true,"permissionToView":true,"permissionToDelete":true},{"moduleId":"f674eb9a-975a-47c6-aa2b-20a86ecf896b","permissionToCreate":true,"permissionToUpdate":true,"permissionToView":true,"permissionToDelete":true}]},"ua":"PostmanRuntime/7.29.2"}
{"method":"PUT","path":"/api/v1/companyAdmin/updateRole","time":"2022-09-07T11:34:41.574Z","status":401,"data":{"roleId":"e8167603-2f79-43c0-a510-6cdf814767c1","roleName":"Manager 1","reporter":"802e2c69-fae8-4c5a-bf1e-67034c38f8df","modulePermissions":[{"moduleId":"85d5a1aa-8eed-439e-be9c-17f7bf4c3f43","permissionToCreate":true,"permissionToUpdate":true,"permissionToView":true,"permissionToDelete":true},{"moduleId":"f40d0d01-d77a-4eca-9d0f-0a1e22606a62","permissionToCreate":true,"permissionToUpdate":true,"permissionToView":true,"permissionToDelete":true},{"moduleId":"7d06a08e-3c12-45a8-af98-7b30fe03ee4e","permissionToCreate":true,"permissionToUpdate":true,"permissionToView":true,"permissionToDelete":true},{"moduleId":"17ac6db2-17a1-4010-8598-2364db8e9634","permissionToCreate":true,"permissionToUpdate":true,"permissionToView":true,"permissionToDelete":true},{"moduleId":"42489bd9-1474-4a5d-a832-49ef5dd8ced9","permissionToCreate":true,"permissionToUpdate":true,"permissionToView":true,"permissionToDelete":true},{"moduleId":"d3009aa6-05c8-46dc-8dc2-b4af0688a352","permissionToCreate":true,"permissionToUpdate":true,"permissionToView":true,"permissionToDelete":true},{"moduleId":"86407ba7-a064-4f7b-ab0c-fcb75807c3a3","permissionToCreate":true,"permissionToUpdate":true,"permissionToView":true,"permissionToDelete":true},{"moduleId":"a8252ca9-e471-4a1d-848d-aef386a4d71c","permissionToCreate":true,"permissionToUpdate":true,"permissionToView":true,"permissionToDelete":true},{"moduleId":"2ec14d7f-daa4-4908-83b6-fe1023b17ca8","permissionToCreate":true,"permissionToUpdate":true,"permissionToView":true,"permissionToDelete":true},{"moduleId":"f674eb9a-975a-47c6-aa2b-20a86ecf896b","permissionToCreate":true,"permissionToUpdate":true,"permissionToView":true,"permissionToDelete":true}]},"ua":"PostmanRuntime/7.29.2"}
{"method":"PUT","path":"/api/v1/companyAdmin/updateRole","time":"2022-09-07T11:34:54.499Z","status":200,"data":{"roleId":"e8167603-2f79-43c0-a510-6cdf814767c1","roleName":"Manager 1","reporter":"802e2c69-fae8-4c5a-bf1e-67034c38f8df","modulePermissions":[{"moduleId":"85d5a1aa-8eed-439e-be9c-17f7bf4c3f43","permissionToCreate":true,"permissionToUpdate":true,"permissionToView":true,"permissionToDelete":true},{"moduleId":"f40d0d01-d77a-4eca-9d0f-0a1e22606a62","permissionToCreate":true,"permissionToUpdate":true,"permissionToView":true,"permissionToDelete":true},{"moduleId":"7d06a08e-3c12-45a8-af98-7b30fe03ee4e","permissionToCreate":true,"permissionToUpdate":true,"permissionToView":true,"permissionToDelete":true},{"moduleId":"17ac6db2-17a1-4010-8598-2364db8e9634","permissionToCreate":true,"permissionToUpdate":true,"permissionToView":true,"permissionToDelete":true},{"moduleId":"42489bd9-1474-4a5d-a832-49ef5dd8ced9","permissionToCreate":true,"permissionToUpdate":true,"permissionToView":true,"permissionToDelete":true},{"moduleId":"d3009aa6-05c8-46dc-8dc2-b4af0688a352","permissionToCreate":true,"permissionToUpdate":true,"permissionToView":true,"permissionToDelete":true},{"moduleId":"86407ba7-a064-4f7b-ab0c-fcb75807c3a3","permissionToCreate":true,"permissionToUpdate":true,"permissionToView":true,"permissionToDelete":true},{"moduleId":"a8252ca9-e471-4a1d-848d-aef386a4d71c","permissionToCreate":true,"permissionToUpdate":true,"permissionToView":true,"permissionToDelete":true},{"moduleId":"2ec14d7f-daa4-4908-83b6-fe1023b17ca8","permissionToCreate":true,"permissionToUpdate":true,"permissionToView":true,"permissionToDelete":true},{"moduleId":"f674eb9a-975a-47c6-aa2b-20a86ecf896b","permissionToCreate":true,"permissionToUpdate":true,"permissionToView":true,"permissionToDelete":true}]},"ua":"PostmanRuntime/7.29.2"}
{"method":"GET","path":"/api/v1/companyAdmin/userWiseRoleList","time":"2022-09-07T11:35:46.108Z","status":200,"data":{},"ua":"PostmanRuntime/7.29.2"}
{"method":"GET","path":"/api/v1/companyAdmin/usersListByRoleId","time":"2022-09-07T11:36:36.445Z","status":200,"data":{"roleId":"fd934c40-e892-40a8-b78a-71be2e8c449f"},"ua":"PostmanRuntime/7.29.2"}
{"method":"GET","path":"/api/v1/companyAdmin/usersListByRoleId","time":"2022-09-07T11:36:48.017Z","status":200,"data":{"roleId":"802e2c69-fae8-4c5a-bf1e-67034c38f8df"},"ua":"PostmanRuntime/7.29.2"}
{"method":"GET","path":"/api/v1/companyAdmin/rolesList","time":"2022-09-07T11:37:06.110Z","status":200,"data":{},"ua":"PostmanRuntime/7.29.2"}
{"method":"GET","path":"/api/v1/companyAdmin/usersListByRoleId","time":"2022-09-07T11:37:33.390Z","status":200,"data":{"roleId":"802e2c69-fae8-4c5a-bf1e-67034c38f8df"},"ua":"PostmanRuntime/7.29.2"}
{"method":"GET","path":"/api/v1/companyAdmin/usersListByRoleId","time":"2022-09-07T11:37:54.712Z","status":200,"data":{"roleId":"802e2c69-fae8-4c5a-bf1e-67034c38f8df"},"ua":"PostmanRuntime/7.29.2"}
{"method":"GET","path":"/api/v1/companyAdmin/usersListByRoleId","time":"2022-09-07T11:42:17.453Z","status":200,"data":{"roleId":"802e2c69-fae8-4c5a-bf1e-67034c38f8df"},"ua":"PostmanRuntime/7.29.2"}
{"method":"GET","path":"/api/v1/companyAdmin/usersListByRoleId","time":"2022-09-07T11:42:36.458Z","status":200,"data":{"roleId":"802e2c69-fae8-4c5a-bf1e-67034c38f8df"},"ua":"PostmanRuntime/7.29.2"}
{"method":"GET","path":"/api/v1/companyAdmin/rolesList","time":"2022-09-07T11:43:26.822Z","status":200,"data":{},"ua":"PostmanRuntime/7.29.2"}
{"method":"PUT","path":"/api/v1/companyAdmin/deleteRole","time":"2022-09-07T11:43:45.001Z","status":200,"data":{"roleId":"e8167603-2f79-43c0-a510-6cdf814767c1","status":"All"},"ua":"PostmanRuntime/7.29.2"}
{"method":"GET","path":"/api/v1/companyAdmin/rolesList","time":"2022-09-07T11:43:51.609Z","status":200,"data":{},"ua":"PostmanRuntime/7.29.2"}
{"method":"PUT","path":"/api/v1/companyAdmin/deleteRole","time":"2022-09-07T11:44:00.368Z","status":200,"data":{"roleId":"e8167603-2f79-43c0-a510-6cdf814767c1","status":"All"},"ua":"PostmanRuntime/7.29.2"}
{"method":"POST","path":"/api/v1/companyAdmin/createRole","time":"2022-09-07T11:44:27.275Z","status":200,"data":{"roleName":"Manager","reporter":"802e2c69-fae8-4c5a-bf1e-67034c38f8df","modulePermissions":[{"moduleId":"85d5a1aa-8eed-439e-be9c-17f7bf4c3f43","permissionToCreate":true,"permissionToUpdate":true,"permissionToView":true,"permissionToDelete":true},{"moduleId":"f40d0d01-d77a-4eca-9d0f-0a1e22606a62","permissionToCreate":true,"permissionToUpdate":true,"permissionToView":true,"permissionToDelete":true},{"moduleId":"7d06a08e-3c12-45a8-af98-7b30fe03ee4e","permissionToCreate":true,"permissionToUpdate":true,"permissionToView":true,"permissionToDelete":true},{"moduleId":"17ac6db2-17a1-4010-8598-2364db8e9634","permissionToCreate":true,"permissionToUpdate":true,"permissionToView":true,"permissionToDelete":true},{"moduleId":"42489bd9-1474-4a5d-a832-49ef5dd8ced9","permissionToCreate":true,"permissionToUpdate":true,"permissionToView":true,"permissionToDelete":true},{"moduleId":"d3009aa6-05c8-46dc-8dc2-b4af0688a352","permissionToCreate":true,"permissionToUpdate":true,"permissionToView":true,"permissionToDelete":true},{"moduleId":"86407ba7-a064-4f7b-ab0c-fcb75807c3a3","permissionToCreate":true,"permissionToUpdate":true,"permissionToView":true,"permissionToDelete":true},{"moduleId":"a8252ca9-e471-4a1d-848d-aef386a4d71c","permissionToCreate":true,"permissionToUpdate":true,"permissionToView":true,"permissionToDelete":true},{"moduleId":"2ec14d7f-daa4-4908-83b6-fe1023b17ca8","permissionToCreate":true,"permissionToUpdate":true,"permissionToView":true,"permissionToDelete":true},{"moduleId":"f674eb9a-975a-47c6-aa2b-20a86ecf896b","permissionToCreate":true,"permissionToUpdate":true,"permissionToView":true,"permissionToDelete":true}]},"ua":"PostmanRuntime/7.29.2"}
{"method":"GET","path":"/api/v1/companyAdmin/rolesList","time":"2022-09-07T11:44:33.377Z","status":200,"data":{},"ua":"PostmanRuntime/7.29.2"}
{"method":"GET","path":"/api/v1/companyAdmin/usersList","time":"2022-09-07T11:45:11.288Z","status":200,"data":{},"ua":"PostmanRuntime/7.29.2"}
{"method":"POST","path":"/api/v1/companyAdmin/addUser","time":"2022-09-07T11:45:38.772Z","status":200,"data":{"name":"chetan","avatar":"","emailAddress":"chetan11@yopmail.com","address":"Indore Mp","mobileNumber":"9754258352","roleId":"a0b1d102-fcb0-44a4-9e3d-3f659cad2d5d","encryptedPassword":""},"ua":"PostmanRuntime/7.29.2"}
{"method":"POST","path":"/api/v1/companyAdmin/addUser","time":"2022-09-07T11:45:53.408Z","status":200,"data":{"name":"chetan","avatar":"","emailAddress":"chetan12@yopmail.com","address":"Indore Mp","mobileNumber":"9754258352","roleId":"a0b1d102-fcb0-44a4-9e3d-3f659cad2d5d","encryptedPassword":""},"ua":"PostmanRuntime/7.29.2"}
{"method":"POST","path":"/api/v1/auth/setPassword","time":"2022-09-07T11:46:56.074Z","status":200,"data":{"token":"eyJhbGciOiJIUzI1NiIsInR5cCI6IkpXVCJ9.eyJpZCI6Ijk3ODA3MmQ0LWQxZjYtNDlhNC1iNWU3LWQzM2YzZjJhMTAxNyIsImVtYWlsIjoiY2hldGFuMTJAeW9wbWFpbC5jb20iLCJpYXQiOjE2NjI1NTExNDksImV4cCI6MTY2MjYzNzU0OX0.26BDrtv818ikcTPwC8DyNnANLITJFfAxKkIs1kvY3mM","password":"chetan@123#"},"ua":"PostmanRuntime/7.29.2"}
{"method":"GET","path":"/api/v1/companyAdmin/usersList","time":"2022-09-07T11:47:08.055Z","status":200,"data":{},"ua":"PostmanRuntime/7.29.2"}
{"method":"PUT","path":"/api/v1/companyAdmin/updateUser","time":"2022-09-07T11:47:54.232Z","status":200,"data":{"userId":"978072d4-d1f6-49a4-b5e7-d33f3f2a1017","name":"Chetan","avatar":"http:/localhost:3003/avatar/user1.jpg","emailAddress":"chetan12@yopmail.com","mobileNumber":"9755486518","address":"562 Indore, MadhyaPradesh","roleId":"a0b1d102-fcb0-44a4-9e3d-3f659cad2d5d"},"ua":"PostmanRuntime/7.29.2"}
{"method":"GET","path":"/api/v1/companyAdmin/usersList","time":"2022-09-07T11:48:05.058Z","status":200,"data":{},"ua":"PostmanRuntime/7.29.2"}
{"method":"POST","path":"/api/v1/companyAdmin/addConfigs","time":"2022-09-07T11:48:51.619Z","status":200,"data":{"currency":"$","phoneFormat":"USA","dateFormat":"MM-DD-YYYY","graphType":"bar"},"ua":"PostmanRuntime/7.29.2"}
{"method":"GET","path":"/api/v1/companyAdmin/configList","time":"2022-09-07T11:48:57.363Z","status":200,"data":{},"ua":"PostmanRuntime/7.29.2"}
{"method":"POST","path":"/api/v1/companyAdmin/createSlab","time":"2022-09-07T11:49:31.674Z","status":200,"data":{"slabs":[{"minAmount":"0","maxAmount":"100000","percentage":10,"isMax":false},{"minAmount":"100010","maxAmount":"1000000","percentage":8,"isMax":false},{"minAmount":"1000010","maxAmount":"","percentage":5,"isMax":true}]},"ua":"PostmanRuntime/7.29.2"}
{"method":"GET","path":"/api/v1/companyAdmin/slabList","time":"2022-09-07T11:49:37.532Z","status":200,"data":{},"ua":"PostmanRuntime/7.29.2"}
{"method":"GET","path":"/api/v1/companyAdmin/productList","time":"2022-09-07T11:49:53.068Z","status":200,"data":{},"ua":"PostmanRuntime/7.29.2"}
{"method":"POST","path":"/api/v1/companyAdmin/addProduct","time":"2022-09-07T11:50:08.273Z","status":200,"data":{"productName":"test product","productImage":"","description":"this is a test product","availableQuantity":"10","price":"1000","tax":"10"},"ua":"PostmanRuntime/7.29.2"}
{"method":"GET","path":"/api/v1/companyAdmin/productList","time":"2022-09-07T11:50:12.189Z","status":200,"data":{},"ua":"PostmanRuntime/7.29.2"}
{"method":"PUT","path":"/api/v1/companyAdmin/updateProduct","time":"2022-09-07T11:50:34.988Z","status":200,"data":{"productId":"72e0030f-cfec-4ae4-b41f-a063d8469d14","productName":"test product1","productImage":"","description":"this is a test product1","availableQuantity":"11","price":"1001","tax":"10"},"ua":"PostmanRuntime/7.29.2"}
{"method":"GET","path":"/api/v1/companyAdmin/productList","time":"2022-09-07T11:50:38.846Z","status":200,"data":{},"ua":"PostmanRuntime/7.29.2"}
{"method":"PUT","path":"/api/v1/companyAdmin/deleteProduct","time":"2022-09-07T11:51:00.029Z","status":200,"data":{"productId":"72e0030f-cfec-4ae4-b41f-a063d8469d14"},"ua":"PostmanRuntime/7.29.2"}
{"method":"GET","path":"/api/v1/companyAdmin/productList","time":"2022-09-07T11:51:03.960Z","status":200,"data":{},"ua":"PostmanRuntime/7.29.2"}
{"method":"POST","path":"/api/v1/companyAdmin/addProduct","time":"2022-09-07T11:51:07.243Z","status":200,"data":{"productName":"test product","productImage":"","description":"this is a test product","availableQuantity":"10","price":"1000","tax":"10"},"ua":"PostmanRuntime/7.29.2"}
{"method":"GET","path":"/api/v1/companyAdmin/productList","time":"2022-09-07T11:51:12.855Z","status":200,"data":{},"ua":"PostmanRuntime/7.29.2"}
{"method":"POST","path":"/api/v1/companyAdmin/createCustomer","time":"2022-09-07T11:53:19.838Z","status":200,"data":{"companyId":"","customerName":"Dainik Bhaskar","source":"skype","address":"India","businessContact":[{"businessId":"","businessContactName":"Job Brown112","businessEmail":"bob@yopmail112.com","businessPhoneNumber":"+1413-9991212"}],"revenueContact":[{"revenueId":"","revenueContactName":"Bob11 2Leslie","revenueEmail":"leslie112@yopmail.com","revenuePhoneNumber":"+1912-6661212"}]},"ua":"PostmanRuntime/7.29.2"}
{"method":"GET","path":"/api/v1/companyAdmin/customerList","time":"2022-09-07T11:53:25.077Z","status":200,"data":{},"ua":"PostmanRuntime/7.29.2"}
{"method":"GET","path":"/api/v1/companyAdmin/customerContactDetails?customerCompanyId=b0d87571-3d7c-4af1-b38b-48a2018c1538","time":"2022-09-07T11:53:49.359Z","status":200,"data":{},"ua":"PostmanRuntime/7.29.2"}
{"method":"GET","path":"/api/v1/companyAdmin/customerCompanyList?companyName=","time":"2022-09-07T11:53:58.214Z","status":200,"data":{},"ua":"PostmanRuntime/7.29.2"}
{"method":"GET","path":"/api/v1/companyAdmin/customerContactDetails?customerCompanyId=7b225b57-4d84-41d3-9f07-bc290928a089","time":"2022-09-07T11:54:07.694Z","status":200,"data":{},"ua":"PostmanRuntime/7.29.2"}
{"method":"GET","path":"/api/v1/companyAdmin/customerListforSales","time":"2022-09-07T11:54:22.501Z","status":200,"data":{},"ua":"PostmanRuntime/7.29.2"}
{"method":"GET","path":"/api/v1/companyAdmin/commissionSplitList","time":"2022-09-07T11:54:35.975Z","status":200,"data":{},"ua":"PostmanRuntime/7.29.2"}
{"method":"POST","path":"/api/v1/companyAdmin/commissionSplit","time":"2022-09-07T11:54:48.993Z","status":200,"data":{"closerPercentage":60,"supporterPercentage":40},"ua":"PostmanRuntime/7.29.2"}
{"method":"GET","path":"/api/v1/companyAdmin/commissionSplitList","time":"2022-09-07T11:54:54.936Z","status":200,"data":{},"ua":"PostmanRuntime/7.29.2"}
{"method":"PUT","path":"/api/v1/companyAdmin/updateCommissionSplit","time":"2022-09-07T11:55:17.188Z","status":200,"data":{"commissionId":"8943ed8c-77a0-4eb8-ac2a-2bbe70b3a435","closerPercentage":50,"supporterPercentage":50},"ua":"PostmanRuntime/7.29.2"}
{"method":"PUT","path":"/api/v1/companyAdmin/deleteCommissionSplit","time":"2022-09-07T11:55:24.301Z","status":200,"data":{"commissionId":"8943ed8c-77a0-4eb8-ac2a-2bbe70b3a435"},"ua":"PostmanRuntime/7.29.2"}
{"method":"GET","path":"/api/v1/companyAdmin/commissionSplitList","time":"2022-09-07T11:55:37.065Z","status":200,"data":{},"ua":"PostmanRuntime/7.29.2"}
{"method":"POST","path":"/api/v1/companyAdmin/commissionSplit","time":"2022-09-07T11:55:41.451Z","status":200,"data":{"closerPercentage":60,"supporterPercentage":40},"ua":"PostmanRuntime/7.29.2"}
{"method":"GET","path":"/api/v1/companyAdmin/commissionSplitList","time":"2022-09-07T11:55:46.181Z","status":200,"data":{},"ua":"PostmanRuntime/7.29.2"}
{"method":"GET","path":"/api/v1/companyAdmin/usersList","time":"2022-09-07T11:58:05.978Z","status":200,"data":{},"ua":"PostmanRuntime/7.29.2"}
{"method":"POST","path":"/api/v1/companyAdmin/createSalesCommission","time":"2022-09-07T11:59:30.225Z","status":200,"data":{"customerId":"b0d87571-3d7c-4af1-b38b-48a2018c1538","customerCommissionSplitId":"3bb97e14-4aa0-4e3c-9a5e-7f0188fb2e3a","customerCloserId":"978072d4-d1f6-49a4-b5e7-d33f3f2a1017","supporters":[{"id":"d9c2b293-be2f-4a49-aa2b-17371d974f38","percentage":40}],"qualification":"qualifications ","is_qualified":false,"targetAmount":"9000","products":["07e04aae-97e2-42d3-bc39-05862693e449"],"targetClosingDate":"10/12/2022","is_overwrite":false,"closerPercentage":60,"businessId":"","revenueId":"","subscriptionPlan":"","recurringDate":"","salesType":"Perpectual"},"ua":"PostmanRuntime/7.29.2"}
{"method":"GET","path":"/api/v1/companyAdmin/salesCommissionList","time":"2022-09-07T11:59:34.841Z","status":200,"data":{},"ua":"PostmanRuntime/7.29.2"}
{"method":"GET","path":"/api/v1/companyAdmin/notesList?salesCommissionId=2eadb892-ce40-4d5d-ae66-6ddebbfce64d","time":"2022-09-07T11:59:59.059Z","status":200,"data":{},"ua":"PostmanRuntime/7.29.2"}
{"method":"GET","path":"/api/v1/companyAdmin/notesList?salesCommissionId=2eadb892-ce40-4d5d-ae66-6ddebbfce64d","time":"2022-09-07T12:00:28.988Z","status":200,"data":{},"ua":"PostmanRuntime/7.29.2"}
{"method":"GET","path":"/api/v1/companyAdmin/salesCommissionLogsList?salesCommissionId=2eadb892-ce40-4d5d-ae66-6ddebbfce64d","time":"2022-09-07T12:01:30.403Z","status":200,"data":{},"ua":"PostmanRuntime/7.29.2"}
{"method":"POST","path":"/api/v1/companyAdmin/addfollowUpNotes","time":"2022-09-07T12:01:54.917Z","status":200,"data":{"salesCommissionId":"2eadb892-ce40-4d5d-ae66-6ddebbfce64d","note":"test note."},"ua":"PostmanRuntime/7.29.2"}
{"method":"GET","path":"/api/v1/companyAdmin/notesList?salesCommissionId=2eadb892-ce40-4d5d-ae66-6ddebbfce64d","time":"2022-09-07T12:01:58.398Z","status":200,"data":{},"ua":"PostmanRuntime/7.29.2"}
{"method":"PUT","path":"/api/v1/companyAdmin/deleteNotes","time":"2022-09-07T12:02:06.376Z","status":200,"data":{"noteId":"5c642399-5d69-4c75-b330-8bf19ad187b4"},"ua":"PostmanRuntime/7.29.2"}
{"method":"PUT","path":"/api/v1/companyAdmin/deleteNotes","time":"2022-09-07T12:02:11.457Z","status":200,"data":{"noteId":"73e4d628-bb78-4420-a3f2-9cb4a2c86c3e"},"ua":"PostmanRuntime/7.29.2"}
{"method":"GET","path":"/api/v1/companyAdmin/revenuePerCustomer","time":"2022-09-07T12:02:32.586Z","status":200,"data":{},"ua":"PostmanRuntime/7.29.2"}
{"method":"GET","path":"/api/v1/companyAdmin/totalRevenue?status=Monthly","time":"2022-09-07T12:02:36.108Z","status":200,"data":{},"ua":"PostmanRuntime/7.29.2"}
{"method":"GET","path":"/api/v1/companyAdmin/revenuePerProduct","time":"2022-09-07T12:02:43.205Z","status":200,"data":{},"ua":"PostmanRuntime/7.29.2"}
{"method":"GET","path":"/api/v1/companyAdmin/revenuePerSalesRep","time":"2022-09-07T12:02:47.049Z","status":200,"data":{},"ua":"PostmanRuntime/7.29.2"}
{"method":"GET","path":"/api/v1/companyAdmin/revenuePerCustomer","time":"2022-09-07T12:02:58.212Z","status":200,"data":{},"ua":"PostmanRuntime/7.29.2"}
{"method":"GET","path":"/api/v1/companyAdmin/revenues","time":"2022-09-07T12:03:05.926Z","status":200,"data":{},"ua":"PostmanRuntime/7.29.2"}
{"method":"GET","path":"/api/v1/companyAdmin/revenueForecastList","time":"2022-09-07T12:03:15.733Z","status":200,"data":{},"ua":"PostmanRuntime/7.29.2"}
{"method":"POST","path":"/api/v1/companyAdmin/closeCustomer","time":"2022-09-07T12:03:50.911Z","status":200,"data":{"customerId":"b0d87571-3d7c-4af1-b38b-48a2018c1538"},"ua":"PostmanRuntime/7.29.2"}
{"method":"GET","path":"/api/v1/companyAdmin/revenuePerCustomer","time":"2022-09-07T12:04:07.953Z","status":200,"data":{},"ua":"PostmanRuntime/7.29.2"}
{"method":"GET","path":"/api/v1/companyAdmin/totalRevenue?status=Monthly","time":"2022-09-07T12:04:12.647Z","status":200,"data":{},"ua":"PostmanRuntime/7.29.2"}
{"method":"GET","path":"/api/v1/companyAdmin/revenuePerProduct","time":"2022-09-07T12:04:15.921Z","status":200,"data":{},"ua":"PostmanRuntime/7.29.2"}
{"method":"GET","path":"/api/v1/companyAdmin/revenuePerSalesRep","time":"2022-09-07T12:04:20.089Z","status":200,"data":{},"ua":"PostmanRuntime/7.29.2"}
{"method":"GET","path":"/api/v1/companyAdmin/customerContactDetailsForSales?customerId=b0d87571-3d7c-4af1-b38b-48a2018c1538","time":"2022-09-07T12:04:40.038Z","status":200,"data":{},"ua":"PostmanRuntime/7.29.2"}
