{"method":"POST","path":"/api/v1/superAdmin/login","time":"2022-09-13T05:23:28.375Z","status":200,"data":{"email":"superadmin@hirise.com","password":"4ff3e8922e53309578d694c2dafb41d744af5c4004716f178552449149cd502e9c7022d18cdef4bbe796652d0862f019653e96796ad5d05bffb0f44baaa33528"},"ua":"PostmanRuntime/7.29.2"}
{"method":"GET","path":"/api/v1/superAdmin/companieslist","time":"2022-09-13T05:36:13.356Z","status":200,"data":{},"ua":"PostmanRuntime/7.29.2"}
{"method":"GET","path":"/api/v1/superAdmin/showUsersByCompanyId?companyId=39c2af6a-3234-451f-95ff-947d8954c747","time":"2022-09-13T05:59:06.986Z","status":200,"data":{},"ua":"PostmanRuntime/7.29.2"}
{"method":"GET","path":"/api/v1/superAdmin/showUsersByCompanyId?companyId=39c2af6a-3234-451f-95ff-947d8954c747","time":"2022-09-13T06:03:59.083Z","status":200,"data":{},"ua":"PostmanRuntime/7.29.2"}
{"method":"GET","path":"/api/v1/superAdmin/showUsersByCompanyId?companyId=39c2af6a-3234-451f-95ff-947d8954c747","time":"2022-09-13T06:04:25.063Z","status":200,"data":{},"ua":"PostmanRuntime/7.29.2"}
{"method":"GET","path":"/api/v1/superAdmin/showUsersByCompanyId?companyId=39c2af6a-3234-451f-95ff-947d8954c747","time":"2022-09-13T06:05:30.571Z","status":200,"data":{},"ua":"PostmanRuntime/7.29.2"}
{"method":"GET","path":"/api/v1/superAdmin/showUsersByCompanyId?companyId=39c2af6a-3234-451f-95ff-947d8954c747","time":"2022-09-13T06:07:26.363Z","status":200,"data":{},"ua":"PostmanRuntime/7.29.2"}
{"method":"GET","path":"/api/v1/superAdmin/showUsersByCompanyId?companyId=39c2af6a-3234-451f-95ff-947d8954c747","time":"2022-09-13T06:08:10.113Z","status":200,"data":{},"ua":"PostmanRuntime/7.29.2"}
{"method":"GET","path":"/api/v1/superAdmin/showProfile","time":"2022-09-13T06:27:24.683Z","status":200,"data":{},"ua":"PostmanRuntime/7.29.2"}
{"method":"GET","path":"/api/v1/superAdmin/forgetPassword","time":"2022-09-13T06:37:11.721Z","status":404,"data":{"email":"superadmin@yopmail.com"},"ua":"PostmanRuntime/7.29.2"}
{"method":"GET","path":"/api/v1/superAdmin/forgetPassword","time":"2022-09-13T06:37:34.797Z","status":404,"data":{"email":"superadmin@yopmail.com"},"ua":"PostmanRuntime/7.29.2"}
{"method":"POST","path":"/api/v1/superAdmin/forgetPassword","time":"2022-09-13T06:37:40.938Z","status":200,"data":{"email":"superadmin@yopmail.com"},"ua":"PostmanRuntime/7.29.2"}
{"method":"POST","path":"/api/v1/superAdmin/forgetPassword","time":"2022-09-13T06:38:34.343Z","status":200,"data":{"email":"superadmin@yopmail.com"},"ua":"PostmanRuntime/7.29.2"}
{"method":"POST","path":"/api/v1/superAdmin/resetPassword","time":"2022-09-13T06:40:47.702Z","status":200,"data":{"token":"eyJhbGciOiJIUzI1NiIsInR5cCI6IkpXVCJ9.eyJpZCI6ImFlNThjNmI1LTFiZWEtNDFjMC04ODNiLTUzYTljMzA2OWFmMyIsImVtYWlsIjoic3VwZXJhZG1pbkB5b3BtYWlsLmNvbSIsImlhdCI6MTY2MzA1MTExMCwiZXhwIjoxNjYzMTM3NTEwfQ.ezcK0Wv1PeXPl-_w8TJ98JlYFDDE0JqeXs-JnBdmLkI","password":"4ff3e8922e53309578d694c2dafb41d744af5c4004716f178552449149cd502e9c7022d18cdef4bbe796652d0862f019653e96796ad5d05bffb0f44baaa33528"},"ua":"PostmanRuntime/7.29.2"}
{"method":"POST","path":"/api/v1/superAdmin/resetPassword","time":"2022-09-13T06:41:29.017Z","status":200,"data":{"token":"eyJhbGciOiJIUzI1NiIsInR5cCI6IkpXVCJ9.eyJpZCI6ImFlNThjNmI1LTFiZWEtNDFjMC04ODNiLTUzYTljMzA2OWFmMyIsImVtYWlsIjoic3VwZXJhZG1pbkB5b3BtYWlsLmNvbSIsImlhdCI6MTY2MzA1MTExMCwiZXhwIjoxNjYzMTM3NTEwfQ.ezcK0Wv1PeXPl-_w8TJ98JlYFDDE0JqeXs-JnBdmLkI","password":"4ff3e8922e53309578d694c2dafb41d744af5c4004716f178552449149cd502e9c7022d18cdef4bbe796652d0862f019653e96796ad5d05bffb0f44baaa33528"},"ua":"PostmanRuntime/7.29.2"}
{"method":"GET","path":"/api/v1/superAdmin/TotalrevenueByCompanyId?companyId=39c2af6a-3234-451f-95ff-947d8954c747","time":"2022-09-13T08:24:12.219Z","status":200,"data":{},"ua":"PostmanRuntime/7.29.2"}
{"method":"GET","path":"/api/v1/superAdmin/TotalrevenueByCompanyId?companyId=39c2af6a-3234-451f-95ff-947d8954c747","time":"2022-09-13T08:24:37.262Z","status":200,"data":{},"ua":"PostmanRuntime/7.29.2"}
{"method":"POST","path":"/api/v1/superAdmin/login","time":"2022-09-13T08:25:45.343Z","status":200,"data":{"email":"superadmin@yopmail.com","password":"4ff3e8922e53309578d694c2dafb41d744af5c4004716f178552449149cd502e9c7022d18cdef4bbe796652d0862f019653e96796ad5d05bffb0f44baaa33528"},"ua":"PostmanRuntime/7.29.2"}
{"method":"GET","path":"/api/v1/superAdmin/TotalrevenueByCompanyId?companyId=39c2af6a-3234-451f-95ff-947d8954c747","time":"2022-09-13T08:26:59.069Z","status":200,"data":{},"ua":"PostmanRuntime/7.29.2"}
{"method":"GET","path":"/api/v1/superAdmin/TotalrevenueByCompanyId?companyId=39c2af6a-3234-451f-95ff-947d8954c747","time":"2022-09-13T08:27:27.341Z","status":200,"data":{},"ua":"PostmanRuntime/7.29.2"}
{"method":"GET","path":"/api/v1/superAdmin/TotalrevenueByCompanyId?companyId=74ba266c-1fe9-4cb3-9d98-21aa2b5536e7","time":"2022-09-13T08:30:21.348Z","status":200,"data":{},"ua":"PostmanRuntime/7.29.2"}
{"method":"GET","path":"/api/v1/superAdmin/TotalrevenueByCompanyId?companyId=74ba266c-1fe9-4cb3-9d98-21aa2b5536e7","time":"2022-09-13T08:33:48.638Z","status":200,"data":{},"ua":"PostmanRuntime/7.29.2"}
{"method":"GET","path":"/api/v1/superAdmin/TotalrevenueByCompanyId?companyId=74ba266c-1fe9-4cb3-9d98-21aa2b5536e7","time":"2022-09-13T08:43:46.197Z","status":200,"data":{},"ua":"PostmanRuntime/7.29.2"}
{"method":"GET","path":"/api/v1/superAdmin/TotalrevenueByCompanyId?companyId=74ba266c-1fe9-4cb3-9d98-21aa2b5536e7","time":"2022-09-13T08:45:45.406Z","status":200,"data":{},"ua":"PostmanRuntime/7.29.2"}
{"method":"GET","path":"/api/v1/superAdmin/TotalrevenueByCompanyId?companyId=74ba266c-1fe9-4cb3-9d98-21aa2b5536e7","time":"2022-09-13T08:46:05.948Z","status":200,"data":{},"ua":"PostmanRuntime/7.29.2"}
{"method":"GET","path":"/api/v1/superAdmin/TotalrevenueByCompanyId?companyId=74ba266c-1fe9-4cb3-9d98-21aa2b5536e7","time":"2022-09-13T08:46:20.766Z","status":200,"data":{},"ua":"PostmanRuntime/7.29.2"}
{"method":"GET","path":"/api/v1/superAdmin/TotalrevenueByCompanyId?companyId=74ba266c-1fe9-4cb3-9d98-21aa2b5536e7","time":"2022-09-13T08:48:54.166Z","status":200,"data":{},"ua":"PostmanRuntime/7.29.2"}
{"method":"GET","path":"/api/v1/superAdmin/TotalrevenueByCompanyId?companyId=74ba266c-1fe9-4cb3-9d98-21aa2b5536e7","time":"2022-09-13T08:51:02.691Z","status":200,"data":{},"ua":"PostmanRuntime/7.29.2"}
{"method":"GET","path":"/api/v1/superAdmin/companyWiseTotalRevenue?companyId=74ba266c-1fe9-4cb3-9d98-21aa2b5536e7","time":"2022-09-13T09:27:28.841Z","status":200,"data":{},"ua":"PostmanRuntime/7.29.2"}
{"method":"GET","path":"/api/v1/superAdmin/companyWiseTotalRevenue?companyId=74ba266c-1fe9-4cb3-9d98-21aa2b5536e7","time":"2022-09-13T09:27:44.576Z","status":200,"data":{},"ua":"PostmanRuntime/7.29.2"}
{"method":"GET","path":"/api/v1/superAdmin/companyWiseTotalRevenue?companyId=74ba266c-1fe9-4cb3-9d98-21aa2b5536e7","time":"2022-09-13T09:27:54.362Z","status":200,"data":{},"ua":"PostmanRuntime/7.29.2"}
{"method":"GET","path":"/api/v1/superAdmin/companyWiseTotalRevenue?companyId=74ba266c-1fe9-4cb3-9d98-21aa2b5536e7","time":"2022-09-13T09:28:43.671Z","status":200,"data":{},"ua":"PostmanRuntime/7.29.2"}
{"method":"GET","path":"/api/v1/superAdmin/companyWiseTotalRevenue?companyId=74ba266c-1fe9-4cb3-9d98-21aa2b5536e7","time":"2022-09-13T09:29:48.036Z","status":200,"data":{},"ua":"PostmanRuntime/7.29.2"}
{"method":"GET","path":"/api/v1/superAdmin/companyWiseTotalRevenue?companyId=74ba266c-1fe9-4cb3-9d98-21aa2b5536e7","time":"2022-09-13T09:31:46.812Z","status":200,"data":{},"ua":"PostmanRuntime/7.29.2"}
{"method":"GET","path":"/api/v1/superAdmin/companyWiseTotalRevenue?companyId=74ba266c-1fe9-4cb3-9d98-21aa2b5536e7","time":"2022-09-13T09:32:46.452Z","status":200,"data":{},"ua":"PostmanRuntime/7.29.2"}
{"method":"GET","path":"/api/v1/superAdmin/companyWiseTotalRevenue?companyId=74ba266c-1fe9-4cb3-9d98-21aa2b5536e7","time":"2022-09-13T09:33:35.848Z","status":200,"data":{},"ua":"PostmanRuntime/7.29.2"}
{"method":"GET","path":"/api/v1/superAdmin/companyWiseTotalRevenue?companyId=74ba266c-1fe9-4cb3-9d98-21aa2b5536e7","time":"2022-09-13T09:36:22.407Z","status":200,"data":{},"ua":"PostmanRuntime/7.29.2"}
{"method":"GET","path":"/api/v1/superAdmin/companyWiseTotalRevenue?companyId=74ba266c-1fe9-4cb3-9d98-21aa2b5536e7","time":"2022-09-13T09:37:46.883Z","status":200,"data":{},"ua":"PostmanRuntime/7.29.2"}
{"method":"GET","path":"/api/v1/superAdmin/companyWiseTotalRevenue?companyId=74ba266c-1fe9-4cb3-9d98-21aa2b5536e7","time":"2022-09-13T09:40:45.380Z","status":200,"data":{},"ua":"PostmanRuntime/7.29.2"}
{"method":"GET","path":"/api/v1/superAdmin/companyWiseTotalRevenue?companyId=74ba266c-1fe9-4cb3-9d98-21aa2b5536e7","time":"2022-09-13T09:40:56.342Z","status":200,"data":{},"ua":"PostmanRuntime/7.29.2"}
{"method":"GET","path":"/api/v1/superAdmin/companyWiseTotalRevenue?companyId=74ba266c-1fe9-4cb3-9d98-21aa2b5536e7","time":"2022-09-13T09:41:07.240Z","status":200,"data":{},"ua":"PostmanRuntime/7.29.2"}
{"method":"GET","path":"/api/v1/superAdmin/companyWiseTotalRevenue?companyId=74ba266c-1fe9-4cb3-9d98-21aa2b5536e7","time":"2022-09-13T09:41:37.215Z","status":200,"data":{},"ua":"PostmanRuntime/7.29.2"}
{"method":"GET","path":"/api/v1/superAdmin/companyWiseTotalRevenue?companyId=74ba266c-1fe9-4cb3-9d98-21aa2b5536e7","time":"2022-09-13T09:42:48.314Z","status":200,"data":{},"ua":"PostmanRuntime/7.29.2"}
{"method":"GET","path":"/api/v1/superAdmin/companyWiseTotalRevenue?companyId=74ba266c-1fe9-4cb3-9d98-21aa2b5536e7","time":"2022-09-13T09:43:52.377Z","status":200,"data":{},"ua":"PostmanRuntime/7.29.2"}
{"method":"GET","path":"/api/v1/superAdmin/companyWiseTotalRevenue?companyId=74ba266c-1fe9-4cb3-9d98-21aa2b5536e7","time":"2022-09-13T09:44:13.428Z","status":200,"data":{},"ua":"PostmanRuntime/7.29.2"}
{"method":"GET","path":"/api/v1/superAdmin/companyWiseTotalRevenue?companyId=74ba266c-1fe9-4cb3-9d98-21aa2b5536e7","time":"2022-09-13T09:45:11.379Z","status":200,"data":{},"ua":"PostmanRuntime/7.29.2"}
{"method":"GET","path":"/api/v1/superAdmin/companyWiseTotalRevenue?companyId=74ba266c-1fe9-4cb3-9d98-21aa2b5536e7","time":"2022-09-13T09:48:04.538Z","status":200,"data":{},"ua":"PostmanRuntime/7.29.2"}
{"method":"GET","path":"/api/v1/superAdmin/companyWiseTotalRevenue?companyId=74ba266c-1fe9-4cb3-9d98-21aa2b5536e7","time":"2022-09-13T09:50:48.690Z","status":200,"data":{},"ua":"PostmanRuntime/7.29.2"}
{"method":"GET","path":"/api/v1/superAdmin/companyWiseTotalRevenue","time":"2022-09-13T10:14:56.737Z","status":200,"data":{},"ua":"PostmanRuntime/7.29.2"}
{"method":"GET","path":"/api/v1/superAdmin/companyWiseTotalRevenue","time":"2022-09-13T10:17:05.910Z","status":200,"data":{},"ua":"PostmanRuntime/7.29.2"}
{"method":"GET","path":"/api/v1/superAdmin/companyWiseTotalRevenue","time":"2022-09-13T10:17:26.392Z","status":200,"data":{},"ua":"PostmanRuntime/7.29.2"}
{"method":"GET","path":"/api/v1/superAdmin/companyWiseTotalRevenue","time":"2022-09-13T10:19:18.861Z","status":200,"data":{},"ua":"PostmanRuntime/7.29.2"}
{"method":"GET","path":"/api/v1/superAdmin/companyWiseTotalRevenue","time":"2022-09-13T10:20:02.413Z","status":200,"data":{},"ua":"PostmanRuntime/7.29.2"}
{"method":"POST","path":"/api/v1/superAdmin/login","time":"2022-09-13T11:13:44.472Z","status":200,"data":{"email":"superadmin@yopmail.com","password":"4ff3e8922e53309578d694c2dafb41d744af5c4004716f178552449149cd502e9c7022d18cdef4bbe796652d0862f019653e96796ad5d05bffb0f44baaa33528"},"ua":"PostmanRuntime/7.29.2"}
{"method":"GET","path":"/api/v1/superAdmin/companyWiseTotalRevenue","time":"2022-09-13T11:14:03.461Z","status":200,"data":{},"ua":"PostmanRuntime/7.29.2"}
{"method":"GET","path":"/api/v1/superAdmin/companyWiseTotalRevenue","time":"2022-09-13T11:17:24.161Z","status":200,"data":{},"ua":"PostmanRuntime/7.29.2"}
{"method":"GET","path":"/api/v1/superAdmin/companyWiseTotalRevenue","time":"2022-09-13T11:18:01.085Z","status":200,"data":{},"ua":"PostmanRuntime/7.29.2"}
{"method":"GET","path":"/api/v1/superAdmin/companyWiseTotalRevenue","time":"2022-09-13T11:18:32.629Z","status":200,"data":{},"ua":"PostmanRuntime/7.29.2"}
{"method":"GET","path":"/api/v1/superAdmin/companyWiseTotalRevenue","time":"2022-09-13T11:20:07.878Z","status":200,"data":{},"ua":"PostmanRuntime/7.29.2"}
{"method":"GET","path":"/api/v1/superAdmin/companyWiseTotalRevenue","time":"2022-09-13T11:22:02.986Z","status":200,"data":{},"ua":"PostmanRuntime/7.29.2"}
{"method":"GET","path":"/api/v1/superAdmin/companyWiseTotalRevenue","time":"2022-09-13T11:22:14.369Z","status":200,"data":{},"ua":"PostmanRuntime/7.29.2"}
{"method":"GET","path":"/api/v1/superAdmin/companyWiseTotalRevenue","time":"2022-09-13T11:23:13.744Z","status":200,"data":{},"ua":"PostmanRuntime/7.29.2"}
{"method":"GET","path":"/api/v1/superAdmin/companyWiseTotalRevenue","time":"2022-09-13T11:28:02.752Z","status":200,"data":{},"ua":"PostmanRuntime/7.29.2"}
{"method":"POST","path":"/api/v1/superAdmin/login","time":"2022-09-13T12:14:15.968Z","status":200,"data":{"email":"superadmin@yopmail.com","password":"4ff3e8922e53309578d694c2dafb41d744af5c4004716f178552449149cd502e9c7022d18cdef4bbe796652d0862f019653e96796ad5d05bffb0f44baaa33528"},"ua":"PostmanRuntime/7.29.2"}
{"method":"GET","path":"/api/v1/superAdmin/showProfile","time":"2022-09-13T12:14:25.131Z","status":200,"data":{},"ua":"PostmanRuntime/7.29.2"}
{"method":"GET","path":"/api/v1/superAdmin/showProfile","time":"2022-09-13T12:16:04.124Z","status":200,"data":{},"ua":"PostmanRuntime/7.29.2"}
{"method":"POST","path":"/api/v1/superAdmin/login","time":"2022-09-13T12:55:37.896Z","status":200,"data":{"email":"superadmin@yopmail.com","password":"4ff3e8922e53309578d694c2dafb41d744af5c4004716f178552449149cd502e9c7022d18cdef4bbe796652d0862f019653e96796ad5d05bffb0f44baaa33528"},"ua":"PostmanRuntime/7.29.2"}
{"method":"GET","path":"/api/v1/superAdmin/userWiseCompanyRevenue?companyId=fbaee8cb-a2ed-4fff-956f-2ec074abc439","time":"2022-09-13T12:56:02.066Z","status":200,"data":{},"ua":"PostmanRuntime/7.29.2"}
{"method":"GET","path":"/api/v1/superAdmin/companiesList","time":"2022-09-13T12:56:16.159Z","status":200,"data":{},"ua":"PostmanRuntime/7.29.2"}
{"method":"GET","path":"/api/v1/superAdmin/companiesList","time":"2022-09-13T12:56:28.809Z","status":200,"data":{},"ua":"PostmanRuntime/7.29.2"}
{"method":"GET","path":"/api/v1/superAdmin/userWiseCompanyRevenue?companyId=5b54cd02-819d-405e-acd7-ecdde4413561","time":"2022-09-13T12:56:41.623Z","status":200,"data":{},"ua":"PostmanRuntime/7.29.2"}
{"method":"GET","path":"/api/v1/superAdmin/userWiseCompanyRevenue?companyId=5b54cd02-819d-405e-acd7-ecdde4413561","time":"2022-09-13T12:57:21.548Z","status":200,"data":{},"ua":"PostmanRuntime/7.29.2"}
{"method":"GET","path":"/api/v1/superAdmin/userWiseCompanyRevenue?companyId=5b54cd02-819d-405e-acd7-ecdde4413561","time":"2022-09-13T12:57:46.953Z","status":200,"data":{},"ua":"PostmanRuntime/7.29.2"}
{"method":"GET","path":"/api/v1/superAdmin/userWiseCompanyRevenue?companyId=77c4b9fa-eb92-40ec-a9a1-2e6336ea66dc","time":"2022-09-13T13:03:09.129Z","status":200,"data":{},"ua":"PostmanRuntime/7.29.2"}
{"method":"GET","path":"/api/v1/superAdmin/userWiseCompanyRevenue?companyId=3bac79ac-4861-42f2-8525-8915ccf21e63","time":"2022-09-13T13:03:57.048Z","status":200,"data":{},"ua":"PostmanRuntime/7.29.2"}
{"method":"GET","path":"/api/v1/superAdmin/userWiseCompanyRevenue?companyId=3bac79ac-4861-42f2-8525-8915ccf21e63","time":"2022-09-13T13:06:02.091Z","status":200,"data":{},"ua":"PostmanRuntime/7.29.2"}
{"method":"GET","path":"/api/v1/superAdmin/userWiseCompanyRevenue?companyId=2ea782f5-0d39-4210-b3ff-62064727b0e5","time":"2022-09-13T13:06:48.418Z","status":200,"data":{},"ua":"PostmanRuntime/7.29.2"}
{"method":"GET","path":"/api/v1/superAdmin/userWiseCompanyRevenue?companyId=5b54cd02-819d-405e-acd7-ecdde4413561","time":"2022-09-13T13:07:02.260Z","status":200,"data":{},"ua":"PostmanRuntime/7.29.2"}
{"method":"GET","path":"/api/v1/superAdmin/userWiseCompanyRevenue?companyId=5b54cd02-819d-405e-acd7-ecdde4413561","time":"2022-09-13T13:10:28.262Z","status":200,"data":{},"ua":"PostmanRuntime/7.29.2"}
{"method":"GET","path":"/api/v1/superAdmin/userWiseCompanyRevenue?companyId=77c4b9fa-eb92-40ec-a9a1-2e6336ea66dc","time":"2022-09-13T13:10:38.654Z","status":200,"data":{},"ua":"PostmanRuntime/7.29.2"}
{"method":"GET","path":"/api/v1/superAdmin/userWiseCompanyRevenue?companyId=77c4b9fa-eb92-40ec-a9a1-2e6336ea66dc","time":"2022-09-13T13:11:07.916Z","status":200,"data":{},"ua":"PostmanRuntime/7.29.2"}
{"method":"GET","path":"/api/v1/superAdmin/userWiseCompanyRevenue?companyId=77c4b9fa-eb92-40ec-a9a1-2e6336ea66dc","time":"2022-09-13T13:11:29.934Z","status":200,"data":{},"ua":"PostmanRuntime/7.29.2"}
{"method":"GET","path":"/api/v1/superAdmin/userWiseCompanyRevenue?companyId=5b54cd02-819d-405e-acd7-ecdde4413561","time":"2022-09-13T13:14:07.174Z","status":200,"data":{},"ua":"PostmanRuntime/7.29.2"}
