{"method":"POST","path":"/api/v1/superAdmin/login","time":"2022-09-19T05:55:37.221Z","status":200,"data":{"email":"superadmin@yopmail.com","password":"4ff3e8922e53309578d694c2dafb41d744af5c4004716f178552449149cd502e9c7022d18cdef4bbe796652d0862f019653e96796ad5d05bffb0f44baaa33528"},"ua":"PostmanRuntime/7.29.2"}
{"method":"POST","path":"/api/v1/superAdmin/addPlan","time":"2022-09-19T05:57:36.913Z","status":200,"data":{},"ua":"PostmanRuntime/7.29.2"}
{"method":"POST","path":"/api/v1/superAdmin/addPlan","time":"2022-09-19T05:58:54.374Z","status":200,"data":{},"ua":"PostmanRuntime/7.29.2"}
{"method":"POST","path":"/api/v1/superAdmin/addPlan","time":"2022-09-19T06:40:53.275Z","status":200,"data":{"name":"Monthly","description":"this is a test product is for montly subscribers","amount":100,"type":"month"},"ua":"PostmanRuntime/7.29.2"}
{"method":"GET","path":"/api/v1/superAdmin/plansList","time":"2022-09-19T07:07:30.843Z","status":200,"data":{},"ua":"PostmanRuntime/7.29.2"}
{"method":"GET","path":"/api/v1/superAdmin/plansList","time":"2022-09-19T07:11:33.160Z","status":200,"data":{},"ua":"PostmanRuntime/7.29.2"}
{"method":"PUT","path":"/api/v1/superAdmin/updatePlan","time":"2022-09-19T08:16:10.739Z","status":404,"data":{"planId":"ea4872fc-1390-45ad-9774-37477a225973"},"ua":"PostmanRuntime/7.29.2"}
{"method":"PUT","path":"/api/v1/superAdmin/updatePlan","time":"2022-09-19T08:16:49.460Z","status":200,"data":{"planId":"ea4872fc-1390-45ad-9774-37477a225973"},"ua":"PostmanRuntime/7.29.2"}
{"method":"PUT","path":"/api/v1/superAdmin/updatePlan","time":"2022-09-19T08:17:15.447Z","status":200,"data":{"planId":"ea4872fc-1390-45ad-9774-37477a225973"},"ua":"PostmanRuntime/7.29.2"}
{"method":"PUT","path":"/api/v1/superAdmin/updatePlan","time":"2022-09-19T08:20:05.735Z","status":200,"data":{"planId":"ea4872fc-1390-45ad-9774-37477a225973"},"ua":"PostmanRuntime/7.29.2"}
{"method":"PUT","path":"/api/v1/superAdmin/updatePlan","time":"2022-09-19T08:24:00.304Z","status":200,"data":{"planId":"ea4872fc-1390-45ad-9774-37477a225973"},"ua":"PostmanRuntime/7.29.2"}
{"method":"PUT","path":"/api/v1/superAdmin/updatePlan","time":"2022-09-19T08:37:20.506Z","status":200,"data":{"planId":"ea4872fc-1390-45ad-9774-37477a225973"},"ua":"PostmanRuntime/7.29.2"}
{"method":"PUT","path":"/api/v1/superAdmin/updatePlan","time":"2022-09-19T08:40:38.915Z","status":200,"data":{"planId":"ea4872fc-1390-45ad-9774-37477a225973","name":"Yearly","description":"this is yearly Plan for subcribers ","activeStatus":"","type":"year","amount":1000,"currency":"usd"},"ua":"PostmanRuntime/7.29.2"}
{"method":"PUT","path":"/api/v1/superAdmin/updatePlan","time":"2022-09-19T08:40:58.191Z","status":200,"data":{"planId":"ea4872fc-1390-45ad-9774-37477a225973","name":"Yearly","description":"this is yearly Plan for subcribers ","activeStatus":true,"type":"year","amount":1000,"currency":"usd"},"ua":"PostmanRuntime/7.29.2"}
{"method":"PUT","path":"/api/v1/superAdmin/updatePlan","time":"2022-09-19T08:42:06.066Z","status":200,"data":{"planId":"ea4872fc-1390-45ad-9774-37477a225973","name":"Yearly","description":"this is yearly Plan for subcribers ","activeStatus":true,"type":"year","amount":1000,"currency":"usd"},"ua":"PostmanRuntime/7.29.2"}
{"method":"GET","path":"/api/v1/plansList","time":"2022-09-19T09:08:44.673Z","status":200,"data":{},"ua":"PostmanRuntime/7.29.2"}
{"method":"GET","path":"/api/v1/plansList","time":"2022-09-19T09:08:49.793Z","status":200,"data":{},"ua":"PostmanRuntime/7.29.2"}
{"method":"PUT","path":"/api/v1/superAdmin/updatePlan","time":"2022-09-19T09:24:36.167Z","status":200,"data":{"planId":"ea4872fc-1390-45ad-9774-37477a225973","name":"Yearly","description":"this is yearly Plan for subcribers ","activeStatus":true},"ua":"PostmanRuntime/7.29.2"}
{"method":"PUT","path":"/api/v1/superAdmin/updatePlan","time":"2022-09-19T09:25:01.374Z","status":200,"data":{"planId":"ea4872fc-1390-45ad-9774-37477a225973","name":"Yearly","description":"this is yearly Plan for subcribers ","activeStatus":true},"ua":"PostmanRuntime/7.29.2"}
{"method":"PUT","path":"/api/v1/superAdmin/updatePlan","time":"2022-09-19T09:26:27.214Z","status":200,"data":{"planId":"ea4872fc-1390-45ad-9774-37477a225973","name":"Yearly","description":"this is yearly Plan for subcribers ","activeStatus":true},"ua":"PostmanRuntime/7.29.2"}
{"method":"PUT","path":"/api/v1/superAdmin/updatePlan","time":"2022-09-19T09:27:14.342Z","status":200,"data":{"planId":"ea4872fc-1390-45ad-9774-37477a225973","name":"Yearly","description":"this is yearly Plan for subcribers ","activeStatus":true},"ua":"PostmanRuntime/7.29.2"}
{"method":"PUT","path":"/api/v1/superAdmin/updatePlan","time":"2022-09-19T09:30:33.930Z","status":200,"data":{"planId":"ea4872fc-1390-45ad-9774-37477a225973","name":"Monthly plan","description":"this is monthly Plan for subscribers ","activeStatus":true},"ua":"PostmanRuntime/7.29.2"}
{"method":"GET","path":"/api/v1/plansList","time":"2022-09-19T09:30:40.490Z","status":200,"data":{},"ua":"PostmanRuntime/7.29.2"}
{"method":"PUT","path":"/api/v1/superAdmin/activateOrDeactivatePlan","time":"2022-09-19T10:16:38.271Z","status":200,"data":{"planId":"ea4872fc-1390-45ad-9774-37477a225973","activeStatus":false},"ua":"PostmanRuntime/7.29.2"}
{"method":"PUT","path":"/api/v1/superAdmin/activateOrDeactivatePlan","time":"2022-09-19T10:18:44.222Z","status":200,"data":{"planId":"ea4872fc-1390-45ad-9774-37477a225973","activeStatus":false},"ua":"PostmanRuntime/7.29.2"}
{"method":"PUT","path":"/api/v1/superAdmin/activateOrDeactivatePlan","time":"2022-09-19T10:19:14.132Z","status":200,"data":{"planId":"ea4872fc-1390-45ad-9774-37477a225973","activeStatus":false},"ua":"PostmanRuntime/7.29.2"}
{"method":"PUT","path":"/api/v1/superAdmin/activateOrDeactivatePlan","time":"2022-09-19T10:19:51.009Z","status":200,"data":{"planId":"ea4872fc-1390-45ad-9774-37477a225973","activeStatus":false},"ua":"PostmanRuntime/7.29.2"}
{"method":"PUT","path":"/api/v1/superAdmin/activateOrDeactivatePlan","time":"2022-09-19T10:20:04.036Z","status":200,"data":{"planId":"ea4872fc-1390-45ad-9774-37477a225973","activeStatus":true},"ua":"PostmanRuntime/7.29.2"}
{"method":"GET","path":"/api/v1/plansList","time":"2022-09-19T10:28:10.753Z","status":200,"data":{},"ua":"PostmanRuntime/7.29.2"}
{"method":"GET","path":"/api/v1/plansList","time":"2022-09-19T10:30:04.562Z","status":200,"data":{},"ua":"PostmanRuntime/7.29.2"}
{"method":"PUT","path":"/api/v1/superAdmin/updatePlan","time":"2022-09-19T11:08:44.423Z","status":200,"data":{"planId":"ea4872fc-1390-45ad-9774-37477a225973","name":"Monthly plan","description":"this is monthly Plan for subscribers "},"ua":"PostmanRuntime/7.29.2"}
{"method":"PUT","path":"/api/v1/superAdmin/activateOrDeactivatePlan","time":"2022-09-19T11:08:52.601Z","status":200,"data":{"planId":"ea4872fc-1390-45ad-9774-37477a225973","activeStatus":true},"ua":"PostmanRuntime/7.29.2"}
