{"method":"GET","path":"/api/v1/plansList","time":"2022-09-20T04:52:47.182Z","status":200,"data":{},"ua":"PostmanRuntime/7.29.2"}
{"method":"POST","path":"/api/v1/companyAdmin/createPayment","time":"2022-09-20T04:53:57.083Z","status":200,"data":{"plnaId":"ea4872fc-1390-45ad-9774-37477a225973","token":"eyJhbGciOiJIUzI1NiIsInR5cCI6IkpXVCJ9.eyJpZCI6ImQ5YzJiMjkzLWJlMmYtNGE0OS1hYTJiLTE3MzcxZDk3NGYzOCIsImVtYWlsIjoiamFja2llQHlvcG1haWwuY29tIiwiaWF0IjoxNjYyNTQ5NzQwLCJleHAiOjE2NjI2MzYxNDB9.wJDkfjYUsBX5oNJf0MxyWS7oohaE-pSIqVvm7DMIv_0"},"ua":"PostmanRuntime/7.29.2"}
{"method":"POST","path":"/api/v1/companyAdmin/createPayment","time":"2022-09-20T04:54:20.726Z","status":200,"data":{"plnaId":"ea4872fc-1390-45ad-9774-37477a225973","token":"eyJhbGciOiJIUzI1NiIsInR5cCI6IkpXVCJ9.eyJpZCI6ImQ5YzJiMjkzLWJlMmYtNGE0OS1hYTJiLTE3MzcxZDk3NGYzOCIsImVtYWlsIjoiamFja2llQHlvcG1haWwuY29tIiwiaWF0IjoxNjYyNTQ5NzQwLCJleHAiOjE2NjI2MzYxNDB9.wJDkfjYUsBX5oNJf0MxyWS7oohaE-pSIqVvm7DMIv_0"},"ua":"PostmanRuntime/7.29.2"}
{"method":"POST","path":"/api/v1/auth/login","time":"2022-09-20T04:54:45.660Z","status":200,"data":{"emailAddress":"jackie@yopmail.com","password":"Test@123#"},"ua":"PostmanRuntime/7.29.2"}
{"method":"POST","path":"/api/v1/companyAdmin/createPayment","time":"2022-09-20T04:54:58.768Z","status":200,"data":{"plnaId":"ea4872fc-1390-45ad-9774-37477a225973","token":"eyJhbGciOiJIUzI1NiIsInR5cCI6IkpXVCJ9.eyJpZCI6ImQ5YzJiMjkzLWJlMmYtNGE0OS1hYTJiLTE3MzcxZDk3NGYzOCIsImVtYWlsIjoiamFja2llQHlvcG1haWwuY29tIiwiaWF0IjoxNjYzNjQ5Njg1LCJleHAiOjE2NjM3MzYwODV9.tlZhZH6WAxZScXVgZdJh_Ap7YPRC3QI60VqzwlTMUm8"},"ua":"PostmanRuntime/7.29.2"}
{"method":"POST","path":"/api/v1/companyAdmin/createPayment","time":"2022-09-20T04:56:11.439Z","status":200,"data":{"plnaId":"ea4872fc-1390-45ad-9774-37477a225973","token":"eyJhbGciOiJIUzI1NiIsInR5cCI6IkpXVCJ9.eyJpZCI6ImQ5YzJiMjkzLWJlMmYtNGE0OS1hYTJiLTE3MzcxZDk3NGYzOCIsImVtYWlsIjoiamFja2llQHlvcG1haWwuY29tIiwiaWF0IjoxNjYzNjQ5Njg1LCJleHAiOjE2NjM3MzYwODV9.tlZhZH6WAxZScXVgZdJh_Ap7YPRC3QI60VqzwlTMUm8"},"ua":"PostmanRuntime/7.29.2"}
{"method":"POST","path":"/api/v1/companyAdmin/createPayment","time":"2022-09-20T04:56:35.292Z","status":200,"data":{"plnaId":"ea4872fc-1390-45ad-9774-37477a225973","token":"eyJhbGciOiJIUzI1NiIsInR5cCI6IkpXVCJ9.eyJpZCI6ImQ5YzJiMjkzLWJlMmYtNGE0OS1hYTJiLTE3MzcxZDk3NGYzOCIsImVtYWlsIjoiamFja2llQHlvcG1haWwuY29tIiwiaWF0IjoxNjYzNjQ5Njg1LCJleHAiOjE2NjM3MzYwODV9.tlZhZH6WAxZScXVgZdJh_Ap7YPRC3QI60VqzwlTMUm8"},"ua":"PostmanRuntime/7.29.2"}
{"method":"POST","path":"/api/v1/companyAdmin/createPayment","time":"2022-09-20T05:00:01.523Z","status":200,"data":{"planId":"ea4872fc-1390-45ad-9774-37477a225973","token":"eyJhbGciOiJIUzI1NiIsInR5cCI6IkpXVCJ9.eyJpZCI6ImQ5YzJiMjkzLWJlMmYtNGE0OS1hYTJiLTE3MzcxZDk3NGYzOCIsImVtYWlsIjoiamFja2llQHlvcG1haWwuY29tIiwiaWF0IjoxNjYzNjQ5Njg1LCJleHAiOjE2NjM3MzYwODV9.tlZhZH6WAxZScXVgZdJh_Ap7YPRC3QI60VqzwlTMUm8"},"ua":"PostmanRuntime/7.29.2"}
{"method":"POST","path":"/api/v1/companyAdmin/createPayment","time":"2022-09-20T05:01:22.708Z","status":200,"data":{"planId":"ea4872fc-1390-45ad-9774-37477a225973","token":"eyJhbGciOiJIUzI1NiIsInR5cCI6IkpXVCJ9.eyJpZCI6ImQ5YzJiMjkzLWJlMmYtNGE0OS1hYTJiLTE3MzcxZDk3NGYzOCIsImVtYWlsIjoiamFja2llQHlvcG1haWwuY29tIiwiaWF0IjoxNjYzNjQ5Njg1LCJleHAiOjE2NjM3MzYwODV9.tlZhZH6WAxZScXVgZdJh_Ap7YPRC3QI60VqzwlTMUm8"},"ua":"PostmanRuntime/7.29.2"}
{"method":"POST","path":"/api/v1/companyAdmin/createPayment","time":"2022-09-20T05:03:19.475Z","status":200,"data":{"planId":"ea4872fc-1390-45ad-9774-37477a225973","token":"eyJhbGciOiJIUzI1NiIsInR5cCI6IkpXVCJ9.eyJpZCI6ImQ5YzJiMjkzLWJlMmYtNGE0OS1hYTJiLTE3MzcxZDk3NGYzOCIsImVtYWlsIjoiamFja2llQHlvcG1haWwuY29tIiwiaWF0IjoxNjYzNjQ5Njg1LCJleHAiOjE2NjM3MzYwODV9.tlZhZH6WAxZScXVgZdJh_Ap7YPRC3QI60VqzwlTMUm8"},"ua":"PostmanRuntime/7.29.2"}
{"method":"POST","path":"/api/v1/companyAdmin/createPayment","time":"2022-09-20T05:03:43.523Z","status":200,"data":{"planId":"ea4872fc-1390-45ad-9774-37477a225973","token":"eyJhbGciOiJIUzI1NiIsInR5cCI6IkpXVCJ9.eyJpZCI6ImQ5YzJiMjkzLWJlMmYtNGE0OS1hYTJiLTE3MzcxZDk3NGYzOCIsImVtYWlsIjoiamFja2llQHlvcG1haWwuY29tIiwiaWF0IjoxNjYzNjQ5Njg1LCJleHAiOjE2NjM3MzYwODV9.tlZhZH6WAxZScXVgZdJh_Ap7YPRC3QI60VqzwlTMUm8"},"ua":"PostmanRuntime/7.29.2"}
{"method":"POST","path":"/api/v1/companyAdmin/createPayment","time":"2022-09-20T05:07:36.059Z","status":200,"data":{"planId":"ea4872fc-1390-45ad-9774-37477a225973","token":"eyJhbGciOiJIUzI1NiIsInR5cCI6IkpXVCJ9.eyJpZCI6ImQ5YzJiMjkzLWJlMmYtNGE0OS1hYTJiLTE3MzcxZDk3NGYzOCIsImVtYWlsIjoiamFja2llQHlvcG1haWwuY29tIiwiaWF0IjoxNjYzNjQ5Njg1LCJleHAiOjE2NjM3MzYwODV9.tlZhZH6WAxZScXVgZdJh_Ap7YPRC3QI60VqzwlTMUm8"},"ua":"PostmanRuntime/7.29.2"}
{"method":"POST","path":"/api/v1/companyAdmin/createPayment","time":"2022-09-20T05:28:18.619Z","status":200,"data":{"planId":"ea4872fc-1390-45ad-9774-37477a225973","token":"eyJhbGciOiJIUzI1NiIsInR5cCI6IkpXVCJ9.eyJpZCI6ImQ5YzJiMjkzLWJlMmYtNGE0OS1hYTJiLTE3MzcxZDk3NGYzOCIsImVtYWlsIjoiamFja2llQHlvcG1haWwuY29tIiwiaWF0IjoxNjYzNjQ5Njg1LCJleHAiOjE2NjM3MzYwODV9.tlZhZH6WAxZScXVgZdJh_Ap7YPRC3QI60VqzwlTMUm8"},"ua":"PostmanRuntime/7.29.2"}
{"method":"GET","path":"/api/v1/companyAdmin/success/cs_test_a1CmEfa53hEyPkfTEIpAJuw28A0xNO52nQKQrnspGwqCRzpaBQPe0UgEox","time":"2022-09-20T05:35:35.978Z","status":404,"data":{},"ua":"Mozilla/5.0 (Windows NT 10.0; Win64; x64) AppleWebKit/537.36 (KHTML, like Gecko) Chrome/105.0.0.0 Safari/537.36"}
{"method":"GET","path":"/api/v1/companyAdmin/success/cs_test_a1CmEfa53hEyPkfTEIpAJuw28A0xNO52nQKQrnspGwqCRzpaBQPe0UgEox","time":"2022-09-20T05:36:18.850Z","status":200,"data":{},"ua":"Mozilla/5.0 (Windows NT 10.0; Win64; x64) AppleWebKit/537.36 (KHTML, like Gecko) Chrome/105.0.0.0 Safari/537.36"}
{"method":"GET","path":"/favicon.ico","time":"2022-09-20T05:36:19.210Z","status":404,"data":{},"ua":"Mozilla/5.0 (Windows NT 10.0; Win64; x64) AppleWebKit/537.36 (KHTML, like Gecko) Chrome/105.0.0.0 Safari/537.36"}
{"method":"GET","path":"/api/v1/superAdminplansList","time":"2022-09-20T05:38:32.466Z","status":404,"data":{},"ua":"PostmanRuntime/7.29.2"}
{"method":"GET","path":"/api/v1/superAdmin/plansList","time":"2022-09-20T05:39:53.697Z","status":200,"data":{},"ua":"PostmanRuntime/7.29.2"}
{"method":"POST","path":"/api/v1/superAdmin/login","time":"2022-09-20T06:38:28.371Z","status":200,"data":{"email":"superadmin@yopmail.com","password":"4ff3e8922e53309578d694c2dafb41d744af5c4004716f178552449149cd502e9c7022d18cdef4bbe796652d0862f019653e96796ad5d05bffb0f44baaa33528"},"ua":"PostmanRuntime/7.29.2"}
{"method":"GET","path":"/api/v1/superAdmin/plansList","time":"2022-09-20T06:38:37.637Z","status":200,"data":{},"ua":"PostmanRuntime/7.29.2"}
{"method":"POST","path":"/api/v1/auth/login","time":"2022-09-20T07:11:16.626Z","status":200,"data":{"emailAddress":"jackie@yopmail.com","password":"Test@123#"},"ua":"PostmanRuntime/7.29.2"}
{"method":"POST","path":"/api/v1/superAdmin/login","time":"2022-09-20T07:11:48.776Z","status":200,"data":{"email":"superadmin@yopmail.com","password":"4ff3e8922e53309578d694c2dafb41d744af5c4004716f178552449149cd502e9c7022d18cdef4bbe796652d0862f019653e96796ad5d05bffb0f44baaa33528"},"ua":"PostmanRuntime/7.29.2"}
{"method":"GET","path":"/api/v1/superAdmin/plansList","time":"2022-09-20T07:11:58.617Z","status":200,"data":{},"ua":"PostmanRuntime/7.29.2"}
{"method":"POST","path":"/api/v1/companyAdmin/createPayment","time":"2022-09-20T07:13:53.728Z","status":200,"data":{"planId":"ea4872fc-1390-45ad-9774-37477a225973","token":"eyJhbGciOiJIUzI1NiIsInR5cCI6IkpXVCJ9.eyJpZCI6ImQ5YzJiMjkzLWJlMmYtNGE0OS1hYTJiLTE3MzcxZDk3NGYzOCIsImVtYWlsIjoiamFja2llQHlvcG1haWwuY29tIiwiaWF0IjoxNjYzNjU3ODc2LCJleHAiOjE2NjM3NDQyNzZ9.-oUXq5XHkEbS3X6Py-21rRSkBYeZ0ByTBN_NJNQ2iXU"},"ua":"PostmanRuntime/7.29.2"}
{"method":"POST","path":"/api/v1/auth/login","time":"2022-09-20T08:23:00.289Z","status":200,"data":{"emailAddress":"gomez@yopmail.com","password":"36dde7d288a2166a651d51ec6ded9e70e72cf6b366293d6f513c75393c57d6f33b949879b9d5e7f7c21cd8c02ede75e74fc54ea15bd043b4df008533fc68ae69"},"ua":"PostmanRuntime/7.29.2"}
{"method":"POST","path":"/api/v1/superAdmin/login","time":"2022-09-20T08:49:42.469Z","status":200,"data":{"email":"superadmin@yopmail.com","password":"4ff3e8922e53309578d694c2dafb41d744af5c4004716f178552449149cd502e9c7022d18cdef4bbe796652d0862f019653e96796ad5d05bffb0f44baaa33528"},"ua":"PostmanRuntime/7.29.2"}
{"method":"GET","path":"/api/v1/superAdmin/plansList","time":"2022-09-20T08:49:51.612Z","status":200,"data":{},"ua":"PostmanRuntime/7.29.2"}
{"method":"POST","path":"/api/v1/auth/login","time":"2022-09-20T08:52:41.062Z","status":200,"data":{"emailAddress":"jackie@yopmail.com","password":"Test@123#"},"ua":"PostmanRuntime/7.29.2"}
{"method":"POST","path":"/api/v1/companyAdmin/createPayment","time":"2022-09-20T08:55:59.958Z","status":200,"data":{"planId":"ea4872fc-1390-45ad-9774-37477a225973","token":"eyJhbGciOiJIUzI1NiIsInR5cCI6IkpXVCJ9.eyJpZCI6ImQ5YzJiMjkzLWJlMmYtNGE0OS1hYTJiLTE3MzcxZDk3NGYzOCIsImVtYWlsIjoiamFja2llQHlvcG1haWwuY29tIiwiaWF0IjoxNjYzNjYzOTYxLCJleHAiOjE2NjM3NTAzNjF9.dByicjE-5I3zWJi36YMP-aAg9_BOY5zoWxVMM52HsW4"},"ua":"PostmanRuntime/7.29.2"}
{"method":"GET","path":"/api/v1/plansList","time":"2022-09-20T09:25:44.806Z","status":200,"data":{},"ua":"PostmanRuntime/7.29.2"}
{"method":"GET","path":"/api/v1/plansList","time":"2022-09-20T09:26:45.305Z","status":200,"data":{},"ua":"PostmanRuntime/7.29.2"}
{"method":"POST","path":"/api/v1/auth/login","time":"2022-09-20T09:39:23.663Z","status":200,"data":{"emailAddress":"jackie@yopmail.com","password":"Test@123#"},"ua":"PostmanRuntime/7.29.2"}
{"method":"GET","path":"/api/v1/companyAdmin/success/cs_test_a1vAkc75SHgLgZVFbDeyk8yEmOUvHNTPM7FMgKOYZvJeLLcthed5D6OWyE","time":"2022-09-20T09:41:46.186Z","status":200,"data":{},"ua":"PostmanRuntime/7.29.2"}
{"method":"POST","path":"/api/v1/auth/login","time":"2022-09-20T09:42:04.412Z","status":200,"data":{"emailAddress":"jackie@yopmail.com","password":"Test@123#"},"ua":"PostmanRuntime/7.29.2"}
{"method":"GET","path":"/api/v1/plansList","time":"2022-09-20T09:45:27.531Z","status":200,"data":{},"ua":"PostmanRuntime/7.29.2"}
{"method":"POST","path":"/api/v1/auth/login","time":"2022-09-20T09:47:02.602Z","status":200,"data":{"emailAddress":"gomez@yopmail.com","password":"36dde7d288a2166a651d51ec6ded9e70e72cf6b366293d6f513c75393c57d6f33b949879b9d5e7f7c21cd8c02ede75e74fc54ea15bd043b4df008533fc68ae69"},"ua":"PostmanRuntime/7.29.2"}
{"method":"GET","path":"/api/v1/companyAdmin/success/cs_test_a1lVCFpC1OjWgzVnxs2jbepjmNt2LLaF6kcikXlTcdo7eCmHdAdLZPxnBp","time":"2022-09-20T10:06:43.196Z","status":200,"data":{},"ua":"PostmanRuntime/7.29.2"}
{"method":"GET","path":"/api/v1/plansList","time":"2022-09-20T10:07:11.815Z","status":200,"data":{},"ua":"PostmanRuntime/7.29.2"}
{"method":"POST","path":"/api/v1/auth/login","time":"2022-09-20T10:07:39.173Z","status":200,"data":{"emailAddress":"jackie@yopmail.com","password":"Test@123#"},"ua":"PostmanRuntime/7.29.2"}
{"method":"POST","path":"/api/v1/companyAdmin/createPayment","time":"2022-09-20T10:08:08.405Z","status":200,"data":{"planId":"ea4872fc-1390-45ad-9774-37477a225973","token":"eyJhbGciOiJIUzI1NiIsInR5cCI6IkpXVCJ9.eyJpZCI6ImQ5YzJiMjkzLWJlMmYtNGE0OS1hYTJiLTE3MzcxZDk3NGYzOCIsImVtYWlsIjoiamFja2llQHlvcG1haWwuY29tIiwiaWF0IjoxNjYzNjY4NDU5LCJleHAiOjE2NjM3NTQ4NTl9.EKCD_AsuAVPHYYmMD4NU1nG-118QxpaksC725MDXEn4"},"ua":"PostmanRuntime/7.29.2"}
{"method":"GET","path":"/api/v1/companyAdmin/success/cs_test_a1W6nFe9bqkB5c9JnRMS5RzhooiLzIWpbRliPHPcJGolJVUWvnEXKmrlMF","time":"2022-09-20T10:09:05.347Z","status":200,"data":{},"ua":"PostmanRuntime/7.29.2"}
{"method":"GET","path":"/api/v1/companyAdmin/success/cs_test_a1W6nFe9bqkB5c9JnRMS5RzhooiLzIWpbRliPHPcJGolJVUWvnEXKmrlMF","time":"2022-09-20T10:10:42.006Z","status":200,"data":{},"ua":"PostmanRuntime/7.29.2"}
{"method":"GET","path":"/api/v1/companyAdmin/success/cs_test_a1W6nFe9bqkB5c9JnRMS5RzhooiLzIWpbRliPHPcJGolJVUWvnEXKmrlMF","time":"2022-09-20T10:11:33.646Z","status":200,"data":{},"ua":"PostmanRuntime/7.29.2"}
{"method":"GET","path":"/api/v1/companyAdmin/success/cs_test_a1W6nFe9bqkB5c9JnRMS5RzhooiLzIWpbRliPHPcJGolJVUWvnEXKmrlMF","time":"2022-09-20T10:11:52.595Z","status":200,"data":{},"ua":"PostmanRuntime/7.29.2"}
{"method":"GET","path":"/api/v1/companyAdmin/success/cs_test_a1W6nFe9bqkB5c9JnRMS5RzhooiLzIWpbRliPHPcJGolJVUWvnEXKmrlMF","time":"2022-09-20T10:12:20.183Z","status":200,"data":{},"ua":"PostmanRuntime/7.29.2"}
{"method":"GET","path":"/api/v1/companyAdmin/success/cs_test_a1W6nFe9bqkB5c9JnRMS5RzhooiLzIWpbRliPHPcJGolJVUWvnEXKmrlMF","time":"2022-09-20T10:13:25.336Z","status":200,"data":{},"ua":"PostmanRuntime/7.29.2"}
{"method":"GET","path":"/api/v1/companyAdmin/success/cs_test_a1W6nFe9bqkB5c9JnRMS5RzhooiLzIWpbRliPHPcJGolJVUWvnEXKmrlMF","time":"2022-09-20T10:13:46.200Z","status":200,"data":{},"ua":"PostmanRuntime/7.29.2"}
{"method":"GET","path":"/api/v1/companyAdmin/success/cs_test_a1W6nFe9bqkB5c9JnRMS5RzhooiLzIWpbRliPHPcJGolJVUWvnEXKmrlMF","time":"2022-09-20T10:14:10.613Z","status":200,"data":{},"ua":"PostmanRuntime/7.29.2"}
{"method":"GET","path":"/api/v1/companyAdmin/success/cs_test_a1W6nFe9bqkB5c9JnRMS5RzhooiLzIWpbRliPHPcJGolJVUWvnEXKmrlMF","time":"2022-09-20T10:14:29.919Z","status":200,"data":{},"ua":"PostmanRuntime/7.29.2"}
{"method":"GET","path":"/api/v1/companyAdmin/success/cs_test_a1W6nFe9bqkB5c9JnRMS5RzhooiLzIWpbRliPHPcJGolJVUWvnEXKmrlMF","time":"2022-09-20T10:15:48.306Z","status":200,"data":{},"ua":"PostmanRuntime/7.29.2"}
{"method":"GET","path":"/api/v1/companyAdmin/success/cs_test_a1W6nFe9bqkB5c9JnRMS5RzhooiLzIWpbRliPHPcJGolJVUWvnEXKmrlMF","time":"2022-09-20T10:16:13.692Z","status":200,"data":{},"ua":"PostmanRuntime/7.29.2"}
{"method":"GET","path":"/api/v1/companyAdmin/success/cs_test_a1W6nFe9bqkB5c9JnRMS5RzhooiLzIWpbRliPHPcJGolJVUWvnEXKmrlMF","time":"2022-09-20T10:16:29.192Z","status":200,"data":{},"ua":"PostmanRuntime/7.29.2"}
{"method":"GET","path":"/api/v1/companyAdmin/success/cs_test_a1W6nFe9bqkB5c9JnRMS5RzhooiLzIWpbRliPHPcJGolJVUWvnEXKmrlMF","time":"2022-09-20T10:17:05.857Z","status":200,"data":{},"ua":"PostmanRuntime/7.29.2"}
{"method":"GET","path":"/api/v1/companyAdmin/success/cs_test_a1W6nFe9bqkB5c9JnRMS5RzhooiLzIWpbRliPHPcJGolJVUWvnEXKmrlMF","time":"2022-09-20T10:17:23.234Z","status":200,"data":{},"ua":"PostmanRuntime/7.29.2"}
{"method":"GET","path":"/api/v1/companyAdmin/success/cs_test_a1W6nFe9bqkB5c9JnRMS5RzhooiLzIWpbRliPHPcJGolJVUWvnEXKmrlMF","time":"2022-09-20T10:17:42.126Z","status":200,"data":{},"ua":"PostmanRuntime/7.29.2"}
{"method":"GET","path":"/api/v1/companyAdmin/success/cs_test_a1W6nFe9bqkB5c9JnRMS5RzhooiLzIWpbRliPHPcJGolJVUWvnEXKmrlMF","time":"2022-09-20T10:18:07.652Z","status":200,"data":{},"ua":"PostmanRuntime/7.29.2"}
{"method":"GET","path":"/api/v1/companyAdmin/success/cs_test_a1W6nFe9bqkB5c9JnRMS5RzhooiLzIWpbRliPHPcJGolJVUWvnEXKmrlMF","time":"2022-09-20T10:18:56.918Z","status":200,"data":{},"ua":"PostmanRuntime/7.29.2"}
{"method":"GET","path":"/api/v1/companyAdmin/success/cs_test_a1W6nFe9bqkB5c9JnRMS5RzhooiLzIWpbRliPHPcJGolJVUWvnEXKmrlMF","time":"2022-09-20T10:19:18.784Z","status":200,"data":{},"ua":"PostmanRuntime/7.29.2"}
{"method":"GET","path":"/api/v1/companyAdmin/success/cs_test_a1W6nFe9bqkB5c9JnRMS5RzhooiLzIWpbRliPHPcJGolJVUWvnEXKmrlMF","time":"2022-09-20T10:19:31.067Z","status":200,"data":{},"ua":"PostmanRuntime/7.29.2"}
{"method":"GET","path":"/api/v1/companyAdmin/success/cs_test_a1W6nFe9bqkB5c9JnRMS5RzhooiLzIWpbRliPHPcJGolJVUWvnEXKmrlMF","time":"2022-09-20T10:19:42.996Z","status":200,"data":{},"ua":"PostmanRuntime/7.29.2"}
{"method":"GET","path":"/api/v1/companyAdmin/success/cs_test_a1W6nFe9bqkB5c9JnRMS5RzhooiLzIWpbRliPHPcJGolJVUWvnEXKmrlMF","time":"2022-09-20T10:20:02.971Z","status":200,"data":{},"ua":"PostmanRuntime/7.29.2"}
{"method":"GET","path":"/api/v1/companyAdmin/success/cs_test_a1W6nFe9bqkB5c9JnRMS5RzhooiLzIWpbRliPHPcJGolJVUWvnEXKmrlMF","time":"2022-09-20T10:21:13.440Z","status":200,"data":{},"ua":"PostmanRuntime/7.29.2"}
{"method":"POST","path":"/api/v1/companyAdmin/createPayment","time":"2022-09-20T10:29:07.737Z","status":200,"data":{"planId":"ea4872fc-1390-45ad-9774-37477a225973","token":"eyJhbGciOiJIUzI1NiIsInR5cCI6IkpXVCJ9.eyJpZCI6ImQ5YzJiMjkzLWJlMmYtNGE0OS1hYTJiLTE3MzcxZDk3NGYzOCIsImVtYWlsIjoiamFja2llQHlvcG1haWwuY29tIiwiaWF0IjoxNjYzNjY4NDU5LCJleHAiOjE2NjM3NTQ4NTl9.EKCD_AsuAVPHYYmMD4NU1nG-118QxpaksC725MDXEn4"},"ua":"PostmanRuntime/7.29.2"}
{"method":"GET","path":"/api/v1/companyAdmin/success/cs_test_a16JjbCo5N5HE5SmVm1DJQp4jq2GfPNCFZMaALKaOFKbViYxWfTUQzLQks","time":"2022-09-20T10:30:01.681Z","status":200,"data":{},"ua":"PostmanRuntime/7.29.2"}
{"method":"GET","path":"/api/v1/plansList","time":"2022-09-20T11:33:08.860Z","status":200,"data":{},"ua":"PostmanRuntime/7.29.2"}
{"method":"GET","path":"/api/v1/superAdmin/plansList","time":"2022-09-20T12:31:47.868Z","status":200,"data":{},"ua":"PostmanRuntime/7.29.2"}
{"method":"GET","path":"/api/v1/superAdmin/plansList","time":"2022-09-20T12:32:40.654Z","status":200,"data":{},"ua":"PostmanRuntime/7.29.2"}
{"method":"GET","path":"/api/v1/plansList","time":"2022-09-20T12:32:49.290Z","status":200,"data":{},"ua":"PostmanRuntime/7.29.2"}
{"method":"GET","path":"/api/v1/plansList","time":"2022-09-20T12:33:13.110Z","status":200,"data":{},"ua":"PostmanRuntime/7.29.2"}
