{"method":"POST","path":"/api/v1/auth/login","time":"2022-09-22T04:27:13.746Z","status":200,"data":{"emailAddress":"rahulchouhan.ems@gmail.com","password":"Test@123#"},"ua":"PostmanRuntime/7.29.2"}
{"method":"POST","path":"/api/v1/auth/login","time":"2022-09-22T04:30:53.863Z","status":200,"data":{"emailAddress":"rahulchouhan.ems@gmail.com","password":"Test@123#"},"ua":"PostmanRuntime/7.29.2"}
{"method":"GET","path":"/api/v1/companyAdmin/userCount","time":"2022-09-22T04:31:34.438Z","status":200,"data":{},"ua":"PostmanRuntime/7.29.2"}
{"method":"GET","path":"/api/v1/companyAdmin/userCount","time":"2022-09-22T04:34:01.958Z","status":200,"data":{},"ua":"PostmanRuntime/7.29.2"}
{"method":"GET","path":"/api/v1/companyAdmin/userCount","time":"2022-09-22T04:36:23.233Z","status":200,"data":{},"ua":"PostmanRuntime/7.29.2"}
{"method":"POST","path":"/api/v1/companyAdmin/createPayment?token=eyJhbGciOiJIUzI1NiIsInR5cCI6IkpXVCJ9.eyJpZCI6ImQ5YzJiMjkzLWJlMmYtNGE0OS1hYTJiLTE3MzcxZDk3NGYzOCIsImVtYWlsIjoicmFodWxjaG91aGFuLmVtc0BnbWFpbC5jb20iLCJpYXQiOjE2NjM4MjEwNTMsImV4cCI6MTY2MzkwNzQ1M30.5M-gNktOQhJYXvaxhyDHY-5SgfDADx_0TgXvnF7tUrY","time":"2022-09-22T04:38:41.195Z","status":200,"data":{"planId":"797e880a-782c-4556-bc4c-a8c603f0cfb2","userCount":3},"ua":"PostmanRuntime/7.29.2"}
{"method":"GET","path":"/api/v1/companyAdmin/success/cs_test_b1NznLgIU7qmuOBzwndSOng4YiIT6iUONuJXo0vocLhDh8V7ISqrhlDzSy","time":"2022-09-22T04:40:35.603Z","status":200,"data":{},"ua":"PostmanRuntime/7.29.2"}
{"method":"GET","path":"/api/v1/companyAdmin/userCount","time":"2022-09-22T04:40:58.543Z","status":200,"data":{},"ua":"PostmanRuntime/7.29.2"}
{"method":"GET","path":"/api/v1/companyAdmin/userCount","time":"2022-09-22T04:41:35.538Z","status":200,"data":{},"ua":"PostmanRuntime/7.29.2"}
{"method":"GET","path":"/api/v1/companyAdmin/userCount","time":"2022-09-22T04:42:16.846Z","status":200,"data":{},"ua":"PostmanRuntime/7.29.2"}
{"method":"GET","path":"/api/v1/companyAdmin/userCount","time":"2022-09-22T04:42:43.128Z","status":200,"data":{},"ua":"PostmanRuntime/7.29.2"}
{"method":"POST","path":"/api/v1/auth/login","time":"2022-09-22T05:11:37.937Z","status":200,"data":{"emailAddress":"rahulchouhan.ems@gmail.com","password":"Test@123#"},"ua":"PostmanRuntime/7.29.2"}
{"method":"POST","path":"/api/v1/auth/login","time":"2022-09-22T05:12:18.667Z","status":200,"data":{"emailAddress":"rahulchouhan.ems@gmail.com","password":"Test@123#"},"ua":"PostmanRuntime/7.29.2"}
{"method":"POST","path":"/api/v1/auth/login","time":"2022-09-22T05:12:31.688Z","status":200,"data":{"emailAddress":"rahulchouhan.ems@gmail.com","password":"Test@123#"},"ua":"PostmanRuntime/7.29.2"}
{"method":"POST","path":"/api/v1/auth/login","time":"2022-09-22T05:13:26.602Z","status":200,"data":{"emailAddress":"rahulchouhan.ems@gmail.com","password":"Test@123#"},"ua":"PostmanRuntime/7.29.2"}
{"method":"POST","path":"/api/v1/auth/login","time":"2022-09-22T05:14:41.272Z","status":200,"data":{"emailAddress":"rahulchouhan.ems@gmail.com","password":"Test@123#"},"ua":"PostmanRuntime/7.29.2"}
{"method":"POST","path":"/api/v1/auth/login","time":"2022-09-22T05:15:42.667Z","status":200,"data":{"emailAddress":"rahulchouhan.ems@gmail.com","password":"Test@123#"},"ua":"PostmanRuntime/7.29.2"}
{"method":"POST","path":"/api/v1/auth/login","time":"2022-09-22T05:17:08.490Z","status":200,"data":{"emailAddress":"rahulchouhan.ems@gmail.com","password":"Test@123#"},"ua":"PostmanRuntime/7.29.2"}
{"method":"POST","path":"/api/v1/auth/login","time":"2022-09-22T05:17:35.329Z","status":200,"data":{"emailAddress":"rahulchouhan.ems@gmail.com","password":"Test@123#"},"ua":"PostmanRuntime/7.29.2"}
{"method":"POST","path":"/api/v1/auth/login","time":"2022-09-22T05:19:25.587Z","status":200,"data":{"emailAddress":"rahulchouhan.ems@gmail.com","password":"Test@123#"},"ua":"PostmanRuntime/7.29.2"}
{"method":"POST","path":"/api/v1/auth/login","time":"2022-09-22T05:21:07.527Z","status":200,"data":{"emailAddress":"rahulchouhan.ems@gmail.com","password":"Test@123#"},"ua":"PostmanRuntime/7.29.2"}
{"method":"POST","path":"/api/v1/auth/login","time":"2022-09-22T05:21:31.673Z","status":200,"data":{"emailAddress":"rahulchouhan.ems@gmail.com","password":"Test@123#"},"ua":"PostmanRuntime/7.29.2"}
{"method":"POST","path":"/api/v1/auth/login","time":"2022-09-22T05:23:16.760Z","status":200,"data":{"emailAddress":"rahulchouhan.ems@gmail.com","password":"Test@123#"},"ua":"PostmanRuntime/7.29.2"}
{"method":"POST","path":"/api/v1/auth/login","time":"2022-09-22T05:23:48.150Z","status":200,"data":{"emailAddress":"rahulchouhan.ems@gmail.com","password":"Test@123#"},"ua":"PostmanRuntime/7.29.2"}
{"method":"POST","path":"/api/v1/auth/login","time":"2022-09-22T05:24:03.322Z","status":200,"data":{"emailAddress":"rahulchouhan.ems@gmail.com","password":"Test@123#"},"ua":"PostmanRuntime/7.29.2"}
{"method":"POST","path":"/api/v1/auth/login","time":"2022-09-22T05:24:51.695Z","status":200,"data":{"emailAddress":"rahulchouhan.ems@gmail.com","password":"Test@123#"},"ua":"PostmanRuntime/7.29.2"}
{"method":"POST","path":"/api/v1/auth/login","time":"2022-09-22T05:25:37.472Z","status":200,"data":{"emailAddress":"rahulchouhan.ems@gmail.com","password":"Test@123#"},"ua":"PostmanRuntime/7.29.2"}
{"method":"POST","path":"/api/v1/auth/login","time":"2022-09-22T05:27:09.440Z","status":200,"data":{"emailAddress":"rahulchouhan.ems@gmail.com","password":"Test@123#"},"ua":"PostmanRuntime/7.29.2"}
{"method":"POST","path":"/api/v1/auth/login","time":"2022-09-22T05:28:10.666Z","status":200,"data":{"emailAddress":"rahulchouhan.ems@gmail.com","password":"Test@123#"},"ua":"PostmanRuntime/7.29.2"}
{"method":"POST","path":"/api/v1/auth/login","time":"2022-09-22T05:30:33.074Z","status":200,"data":{"emailAddress":"rahulchouhan.ems@gmail.com","password":"Test@123#"},"ua":"PostmanRuntime/7.29.2"}
{"method":"POST","path":"/api/v1/companyAdmin/createPayment?token=eyJhbGciOiJIUzI1NiIsInR5cCI6IkpXVCJ9.eyJpZCI6ImQ5YzJiMjkzLWJlMmYtNGE0OS1hYTJiLTE3MzcxZDk3NGYzOCIsImVtYWlsIjoicmFodWxjaG91aGFuLmVtc0BnbWFpbC5jb20iLCJpYXQiOjE2NjM4MjQ2MzMsImV4cCI6MTY2MzkxMTAzM30.mgEcKdFL7RrSVR9_HGHrngQMaBL4fd3hhbQTWYR9lRQ","time":"2022-09-22T05:42:51.993Z","status":200,"data":{"planId":"797e880a-782c-4556-bc4c-a8c603f0cfb2","userCount":3},"ua":"PostmanRuntime/7.29.2"}
{"method":"POST","path":"/api/v1/companyAdmin/createPayment?token=eyJhbGciOiJIUzI1NiIsInR5cCI6IkpXVCJ9.eyJpZCI6ImQ5YzJiMjkzLWJlMmYtNGE0OS1hYTJiLTE3MzcxZDk3NGYzOCIsImVtYWlsIjoicmFodWxjaG91aGFuLmVtc0BnbWFpbC5jb20iLCJpYXQiOjE2NjM4MjQ2MzMsImV4cCI6MTY2MzkxMTAzM30.mgEcKdFL7RrSVR9_HGHrngQMaBL4fd3hhbQTWYR9lRQ","time":"2022-09-22T05:43:03.185Z","status":200,"data":{"planId":"797e880a-782c-4556-bc4c-a8c603f0cfb2","userCount":3},"ua":"PostmanRuntime/7.29.2"}
{"method":"POST","path":"/api/v1/companyAdmin/createPayment?token=eyJhbGciOiJIUzI1NiIsInR5cCI6IkpXVCJ9.eyJpZCI6ImQ5YzJiMjkzLWJlMmYtNGE0OS1hYTJiLTE3MzcxZDk3NGYzOCIsImVtYWlsIjoicmFodWxjaG91aGFuLmVtc0BnbWFpbC5jb20iLCJpYXQiOjE2NjM4MjQ2MzMsImV4cCI6MTY2MzkxMTAzM30.mgEcKdFL7RrSVR9_HGHrngQMaBL4fd3hhbQTWYR9lRQ","time":"2022-09-22T05:43:50.322Z","status":200,"data":{"planId":"797e880a-782c-4556-bc4c-a8c603f0cfb2","userCount":3},"ua":"PostmanRuntime/7.29.2"}
{"method":"GET","path":"/api/v1/companyAdmin/success/cs_test_b1wlBTkmTwDWHhk8CDAD2ITiKbj6yvDZIPptIzH2Ui9rMEtoD48kxuQnBH","time":"2022-09-22T05:45:01.529Z","status":200,"data":{},"ua":"PostmanRuntime/7.29.2"}
{"method":"POST","path":"/api/v1/auth/login","time":"2022-09-22T05:52:43.970Z","status":200,"data":{"emailAddress":"rahulchouhan.ems@gmail.com","password":"Test@123#"},"ua":"PostmanRuntime/7.29.2"}
{"method":"POST","path":"/api/v1/auth/login","time":"2022-09-22T05:53:49.455Z","status":200,"data":{"emailAddress":"rahulchouhan.ems@gmail.com","password":"Test@123#"},"ua":"PostmanRuntime/7.29.2"}
{"method":"POST","path":"/api/v1/auth/login","time":"2022-09-22T05:55:15.785Z","status":200,"data":{"emailAddress":"rahulchouhan.ems@gmail.com","password":"Test@123#"},"ua":"PostmanRuntime/7.29.2"}
{"method":"POST","path":"/api/v1/auth/login","time":"2022-09-22T05:55:57.301Z","status":200,"data":{"emailAddress":"rahulchouhan.ems@gmail.com","password":"Test@123#"},"ua":"PostmanRuntime/7.29.2"}
{"method":"POST","path":"/api/v1/auth/login","time":"2022-09-22T05:57:21.959Z","status":200,"data":{"emailAddress":"rahulchouhan.ems@gmail.com","password":"Test@123#"},"ua":"PostmanRuntime/7.29.2"}
{"method":"POST","path":"/api/v1/auth/login","time":"2022-09-22T05:58:34.268Z","status":200,"data":{"emailAddress":"rahulchouhan.ems@gmail.com","password":"Test@123#"},"ua":"PostmanRuntime/7.29.2"}
{"method":"POST","path":"/api/v1/auth/login","time":"2022-09-22T05:58:59.327Z","status":200,"data":{"emailAddress":"rahulchouhan.ems@gmail.com","password":"Test@123#"},"ua":"PostmanRuntime/7.29.2"}
{"method":"POST","path":"/api/v1/auth/login","time":"2022-09-22T06:12:22.281Z","status":200,"data":{"emailAddress":"rahulchouhan.ems@gmail.com","password":"Test@123#"},"ua":"PostmanRuntime/7.29.2"}
{"method":"POST","path":"/api/v1/auth/login","time":"2022-09-22T06:12:47.356Z","status":200,"data":{"emailAddress":"rahulchouhan.ems@gmail.com","password":"Test@123#"},"ua":"PostmanRuntime/7.29.2"}
{"method":"POST","path":"/api/v1/auth/login","time":"2022-09-22T06:13:01.762Z","status":200,"data":{"emailAddress":"rahulchouhan.ems@gmail.com","password":"Test@123#"},"ua":"PostmanRuntime/7.29.2"}
{"method":"POST","path":"/api/v1/auth/login","time":"2022-09-22T06:15:35.818Z","status":200,"data":{"emailAddress":"rahulchouhan.ems@gmail.com","password":"Test@123#"},"ua":"PostmanRuntime/7.29.2"}
{"method":"POST","path":"/api/v1/auth/login","time":"2022-09-22T06:16:14.072Z","status":200,"data":{"emailAddress":"rahulchouhan.ems@gmail.com","password":"Test@123#"},"ua":"PostmanRuntime/7.29.2"}
{"method":"POST","path":"/api/v1/auth/login","time":"2022-09-22T06:16:38.255Z","status":200,"data":{"emailAddress":"rahulchouhan.ems@gmail.com","password":"Test@123#"},"ua":"PostmanRuntime/7.29.2"}
{"method":"POST","path":"/api/v1/auth/login","time":"2022-09-22T06:17:07.426Z","status":200,"data":{"emailAddress":"rahulchouhan.ems@gmail.com","password":"Test@123#"},"ua":"PostmanRuntime/7.29.2"}
{"method":"POST","path":"/api/v1/auth/login","time":"2022-09-22T06:17:34.560Z","status":200,"data":{"emailAddress":"rahulchouhan.ems@gmail.com","password":"Test@123#"},"ua":"PostmanRuntime/7.29.2"}
{"method":"POST","path":"/api/v1/auth/login","time":"2022-09-22T06:18:07.190Z","status":200,"data":{"emailAddress":"rahulchouhan.ems@gmail.com","password":"Test@123#"},"ua":"PostmanRuntime/7.29.2"}
{"method":"POST","path":"/api/v1/auth/login","time":"2022-09-22T06:19:00.653Z","status":200,"data":{"emailAddress":"rahulchouhan.ems@gmail.com","password":"Test@123#"},"ua":"PostmanRuntime/7.29.2"}
{"method":"POST","path":"/api/v1/auth/login","time":"2022-09-22T06:19:30.513Z","status":200,"data":{"emailAddress":"rahulchouhan.ems@gmail.com","password":"Test@123#"},"ua":"PostmanRuntime/7.29.2"}
{"method":"POST","path":"/api/v1/auth/login","time":"2022-09-22T06:20:14.385Z","status":200,"data":{"emailAddress":"rahulchouhan.ems@gmail.com","password":"Test@123#"},"ua":"PostmanRuntime/7.29.2"}
{"method":"POST","path":"/api/v1/auth/login","time":"2022-09-22T06:21:24.910Z","status":200,"data":{"emailAddress":"rahulchouhan.ems@gmail.com","password":"Test@123#"},"ua":"PostmanRuntime/7.29.2"}
{"method":"POST","path":"/api/v1/auth/login","time":"2022-09-22T06:22:20.803Z","status":200,"data":{"emailAddress":"rahulchouhan.ems@gmail.com","password":"Test@123#"},"ua":"PostmanRuntime/7.29.2"}
{"method":"POST","path":"/api/v1/auth/login","time":"2022-09-22T06:24:42.413Z","status":200,"data":{"emailAddress":"rahulchouhan.ems@gmail.com","password":"Test@123#"},"ua":"PostmanRuntime/7.29.2"}
{"method":"POST","path":"/api/v1/auth/login","time":"2022-09-22T06:25:16.254Z","status":200,"data":{"emailAddress":"rahulchouhan.ems@gmail.com","password":"Test@123#"},"ua":"PostmanRuntime/7.29.2"}
{"method":"POST","path":"/api/v1/auth/login","time":"2022-09-22T06:26:24.280Z","status":200,"data":{"emailAddress":"rahulchouhan.ems@gmail.com","password":"Test@123#"},"ua":"PostmanRuntime/7.29.2"}
{"method":"POST","path":"/api/v1/auth/login","time":"2022-09-22T06:27:51.064Z","status":200,"data":{"emailAddress":"rahulchouhan.ems@gmail.com","password":"Test@123#"},"ua":"PostmanRuntime/7.29.2"}
{"method":"POST","path":"/api/v1/auth/login","time":"2022-09-22T06:30:04.068Z","status":200,"data":{"emailAddress":"rahulchouhan.ems@gmail.com","password":"Test@123#"},"ua":"PostmanRuntime/7.29.2"}
{"method":"POST","path":"/api/v1/auth/login","time":"2022-09-22T06:31:41.758Z","status":200,"data":{"emailAddress":"rahulchouhan.ems@gmail.com","password":"Test@123#"},"ua":"PostmanRuntime/7.29.2"}
{"method":"POST","path":"/api/v1/auth/login","time":"2022-09-22T06:33:08.841Z","status":200,"data":{"emailAddress":"rahulchouhan.ems@gmail.com","password":"Test@123#"},"ua":"PostmanRuntime/7.29.2"}
{"method":"POST","path":"/api/v1/auth/login","time":"2022-09-22T06:34:21.811Z","status":200,"data":{"emailAddress":"rahulchouhan.ems@gmail.com","password":"Test@123#"},"ua":"PostmanRuntime/7.29.2"}
{"method":"POST","path":"/api/v1/auth/login","time":"2022-09-22T06:34:43.016Z","status":200,"data":{"emailAddress":"rahulchouhan.ems@gmail.com","password":"Test@123#"},"ua":"PostmanRuntime/7.29.2"}
{"method":"POST","path":"/api/v1/auth/login","time":"2022-09-22T06:37:56.682Z","status":200,"data":{"emailAddress":"rahulchouhan.ems@gmail.com","password":"Test@123#"},"ua":"PostmanRuntime/7.29.2"}
{"method":"POST","path":"/api/v1/auth/login","time":"2022-09-22T06:40:09.814Z","status":200,"data":{"emailAddress":"rahulchouhan.ems@gmail.com","password":"Test@123#"},"ua":"PostmanRuntime/7.29.2"}
{"method":"POST","path":"/api/v1/auth/login","time":"2022-09-22T06:41:33.482Z","status":200,"data":{"emailAddress":"rahulchouhan.ems@gmail.com","password":"Test@123#"},"ua":"PostmanRuntime/7.29.2"}
{"method":"POST","path":"/api/v1/auth/login","time":"2022-09-22T06:44:35.704Z","status":200,"data":{"emailAddress":"rahulchouhan.ems@gmail.com","password":"Test@123#"},"ua":"PostmanRuntime/7.29.2"}
{"method":"POST","path":"/api/v1/auth/login","time":"2022-09-22T06:46:00.360Z","status":200,"data":{"emailAddress":"rahulchouhan.ems@gmail.com","password":"Test@123#"},"ua":"PostmanRuntime/7.29.2"}
{"method":"POST","path":"/api/v1/auth/login","time":"2022-09-22T06:46:50.967Z","status":200,"data":{"emailAddress":"rahulchouhan.ems@gmail.com","password":"Test@123#"},"ua":"PostmanRuntime/7.29.2"}
{"method":"POST","path":"/api/v1/auth/login","time":"2022-09-22T06:48:12.474Z","status":200,"data":{"emailAddress":"rahulchouhan.ems@gmail.com","password":"Test@123#"},"ua":"PostmanRuntime/7.29.2"}
{"method":"POST","path":"/api/v1/auth/login","time":"2022-09-22T06:48:37.764Z","status":200,"data":{"emailAddress":"rahulchouhan.ems@gmail.com","password":"Test@123#"},"ua":"PostmanRuntime/7.29.2"}
{"method":"POST","path":"/api/v1/companyAdmin/createPayment","time":"2022-09-22T09:01:48.313Z","status":200,"data":{"planId":"797e880a-782c-4556-bc4c-a8c603f0cfb2","userCount":3},"ua":"PostmanRuntime/7.29.2"}
{"method":"POST","path":"/api/v1/companyAdmin/createPayment","time":"2022-09-22T09:02:31.458Z","status":200,"data":{"planId":"797e880a-782c-4556-bc4c-a8c603f0cfb2","userCount":3},"ua":"PostmanRuntime/7.29.2"}
{"method":"GET","path":"/api/v1/companyAdmin/subscriptionDetails","time":"2022-09-22T09:11:24.786Z","status":200,"data":{},"ua":"PostmanRuntime/7.29.2"}
{"method":"GET","path":"/api/v1/companyAdmin/subscriptionDetails","time":"2022-09-22T09:13:14.418Z","status":200,"data":{},"ua":"PostmanRuntime/7.29.2"}
{"method":"GET","path":"/api/v1/companyAdmin/subscriptionDetails","time":"2022-09-22T09:19:07.765Z","status":200,"data":{},"ua":"PostmanRuntime/7.29.2"}
{"method":"GET","path":"/api/v1/companyAdmin/subscriptionDetails","time":"2022-09-22T09:23:14.274Z","status":200,"data":{},"ua":"PostmanRuntime/7.29.2"}
{"method":"GET","path":"/api/v1/companyAdmin/subscriptionDetails","time":"2022-09-22T09:27:27.186Z","status":200,"data":{},"ua":"PostmanRuntime/7.29.2"}
{"method":"GET","path":"/api/v1/companyAdmin/subscriptionDetails","time":"2022-09-22T09:44:05.812Z","status":200,"data":{},"ua":"PostmanRuntime/7.29.2"}
{"method":"GET","path":"/api/v1/companyAdmin/subscriptionDetails","time":"2022-09-22T09:44:34.489Z","status":200,"data":{},"ua":"PostmanRuntime/7.29.2"}
{"method":"GET","path":"/api/v1/companyAdmin/subscriptionDetails","time":"2022-09-22T09:47:43.027Z","status":200,"data":{},"ua":"PostmanRuntime/7.29.2"}
{"method":"GET","path":"/api/v1/companyAdmin/subscriptionDetails","time":"2022-09-22T09:48:33.960Z","status":200,"data":{},"ua":"PostmanRuntime/7.29.2"}
{"method":"GET","path":"/api/v1/companyAdmin/subscriptionDetails","time":"2022-09-22T09:48:49.972Z","status":200,"data":{},"ua":"PostmanRuntime/7.29.2"}
{"method":"GET","path":"/api/v1/companyAdmin/subscriptionDetails","time":"2022-09-22T11:09:54.568Z","status":200,"data":{},"ua":"PostmanRuntime/7.29.2"}
{"method":"GET","path":"/api/v1/companyAdmin/subscriptionDetails","time":"2022-09-22T11:10:25.881Z","status":200,"data":{},"ua":"PostmanRuntime/7.29.2"}
{"method":"GET","path":"/api/v1/companyAdmin/subscriptionDetails","time":"2022-09-22T11:13:17.013Z","status":200,"data":{},"ua":"PostmanRuntime/7.29.2"}
{"method":"GET","path":"/api/v1/companyAdmin/subscriptionDetails","time":"2022-09-22T11:13:31.948Z","status":200,"data":{},"ua":"PostmanRuntime/7.29.2"}
{"method":"GET","path":"/api/v1/companyAdmin/subscriptionDetails","time":"2022-09-22T11:14:26.197Z","status":200,"data":{},"ua":"PostmanRuntime/7.29.2"}
{"method":"GET","path":"/api/v1/companyAdmin/subscriptionDetails","time":"2022-09-22T11:17:19.798Z","status":200,"data":{},"ua":"PostmanRuntime/7.29.2"}
{"method":"GET","path":"/api/v1/companyAdmin/subscriptionDetails","time":"2022-09-22T11:18:07.069Z","status":200,"data":{},"ua":"PostmanRuntime/7.29.2"}
{"method":"GET","path":"/api/v1/companyAdmin/subscriptionDetails","time":"2022-09-22T11:21:27.286Z","status":200,"data":{},"ua":"PostmanRuntime/7.29.2"}
{"method":"GET","path":"/api/v1/companyAdmin/subscriptionDetails","time":"2022-09-22T11:24:19.042Z","status":200,"data":{},"ua":"PostmanRuntime/7.29.2"}
