{"method":"POST","path":"/api/v1/superAdmin/login","time":"2022-09-23T05:08:20.075Z","status":200,"data":{"email":"superadmin@yopmail.com","password":"4ff3e8922e53309578d694c2dafb41d744af5c4004716f178552449149cd502e9c7022d18cdef4bbe796652d0862f019653e96796ad5d05bffb0f44baaa33528"},"ua":"PostmanRuntime/7.29.2"}
{"method":"POST","path":"/api/v1/superAdmin/addConfig","time":"2022-09-23T05:08:35.421Z","status":404,"data":{"trialDays":30},"ua":"PostmanRuntime/7.29.2"}
{"method":"POST","path":"/api/v1/superAdmin/addConfig","time":"2022-09-23T05:10:24.529Z","status":200,"data":{"trialDays":30},"ua":"PostmanRuntime/7.29.2"}
{"method":"POST","path":"/api/v1/superAdmin/addConfig","time":"2022-09-23T05:12:53.327Z","status":200,"data":{"trialDays":30},"ua":"PostmanRuntime/7.29.2"}
{"method":"POST","path":"/api/v1/superAdmin/addConfig","time":"2022-09-23T05:14:36.267Z","status":200,"data":{"trialDays":30},"ua":"PostmanRuntime/7.29.2"}
{"method":"GET","path":"/api/v1/superAdmin/configList","time":"2022-09-23T05:14:55.082Z","status":401,"data":{},"ua":"PostmanRuntime/7.29.2"}
{"method":"GET","path":"/api/v1/superAdmin/configList","time":"2022-09-23T05:15:38.212Z","status":200,"data":{},"ua":"PostmanRuntime/7.29.2"}
{"method":"POST","path":"/api/v1/auth/signUp","time":"2022-09-23T05:18:03.106Z","status":200,"data":{"companyName":"babyJohns pvt.ltd","companyLogo":"http:/localhost:3003/comapnyLogo/favicon.png","companyAddress":"USA","name":"wade","avatar":"","emailAddress":"wade@yopmail.com","mobileNumber":"8897564897","phoneNumber":" 0731 498 0457","encryptedPassword":"Test@123#"},"ua":"PostmanRuntime/7.29.2"}
{"method":"POST","path":"/api/v1/auth/signUp","time":"2022-09-23T05:20:41.915Z","status":200,"data":{"companyName":"babyJohns1 pvt.ltd","companyLogo":"http:/localhost:3003/comapnyLogo/favicon.png","companyAddress":"USA","name":"wade1","avatar":"","emailAddress":"wade1@yopmail.com","mobileNumber":"8897564897","phoneNumber":" 0731 498 0457","encryptedPassword":"Test@123#"},"ua":"PostmanRuntime/7.29.2"}
{"method":"POST","path":"/api/v1/auth/signUp","time":"2022-09-23T05:23:59.033Z","status":200,"data":{"companyName":"babyJohns2 pvt.ltd","companyLogo":"http:/localhost:3003/comapnyLogo/favicon.png","companyAddress":"USA","name":"wade2","avatar":"","emailAddress":"wade2@yopmail.com","mobileNumber":"8897564897","phoneNumber":" 0731 498 0457","encryptedPassword":"Test@123#"},"ua":"PostmanRuntime/7.29.2"}
{"method":"POST","path":"/api/v1/auth/signUp","time":"2022-09-23T05:31:09.976Z","status":200,"data":{"companyName":"babyJohns3 pvt.ltd","companyLogo":"http:/localhost:3003/comapnyLogo/favicon.png","companyAddress":"USA","name":"wade3","avatar":"","emailAddress":"wade3@yopmail.com","mobileNumber":"8897564897","phoneNumber":" 0731 498 0457","encryptedPassword":"Test@123#"},"ua":"PostmanRuntime/7.29.2"}
{"method":"POST","path":"/api/v1/auth/signUp","time":"2022-09-23T05:32:01.143Z","status":200,"data":{"companyName":"babyJohns4 pvt.ltd","companyLogo":"http:/localhost:3003/comapnyLogo/favicon.png","companyAddress":"USA","name":"wade4","avatar":"","emailAddress":"wade4@yopmail.com","mobileNumber":"8897564897","phoneNumber":" 0731 498 0457","encryptedPassword":"Test@123#"},"ua":"PostmanRuntime/7.29.2"}
{"method":"POST","path":"/api/v1/auth/signUp","time":"2022-09-23T05:35:15.970Z","status":200,"data":{"companyName":"logitech pvt. ltd","companyLogo":"http:/localhost:3003/comapnyLogo/favicon.png","companyAddress":"USA","name":"sam","avatar":"","emailAddress":"sam@yopmail.com","mobileNumber":"8897564897","phoneNumber":" 0731 498 0457","encryptedPassword":"Test@123#"},"ua":"PostmanRuntime/7.29.2"}
{"method":"POST","path":"/api/v1/auth/verifyUser","time":"2022-09-23T05:36:22.361Z","status":200,"data":{"token":"eyJhbGciOiJIUzI1NiIsInR5cCI6IkpXVCJ9.eyJpZCI6IjM1NzNlMmI2LTZiOGQtNGMyYi1iYjZhLTdiM2JhYWMwNTU3ZiIsImVtYWlsIjoic2FtQHlvcG1haWwuY29tIiwiaWF0IjoxNjYzOTExMzEyLCJleHAiOjE2NjM5OTc3MTJ9.LAzRpznvEgULuRwt-OBVHQBTXXBwqATeCii0dIk-6Cs"},"ua":"PostmanRuntime/7.29.2"}
{"method":"POST","path":"/api/v1/auth/login","time":"2022-09-23T05:42:09.231Z","status":200,"data":{"emailAddress":"sam@yopmail.com","password":"Test@123#"},"ua":"PostmanRuntime/7.29.2"}
{"method":"POST","path":"/api/v1/auth/verifyUser","time":"2022-09-23T05:42:16.100Z","status":200,"data":{"token":"eyJhbGciOiJIUzI1NiIsInR5cCI6IkpXVCJ9.eyJpZCI6IjM1NzNlMmI2LTZiOGQtNGMyYi1iYjZhLTdiM2JhYWMwNTU3ZiIsImVtYWlsIjoic2FtQHlvcG1haWwuY29tIiwiaWF0IjoxNjYzOTExMzEyLCJleHAiOjE2NjM5OTc3MTJ9.LAzRpznvEgULuRwt-OBVHQBTXXBwqATeCii0dIk-6Cs"},"ua":"PostmanRuntime/7.29.2"}
{"method":"POST","path":"/api/v1/auth/login","time":"2022-09-23T05:42:23.281Z","status":200,"data":{"emailAddress":"sam@yopmail.com","password":"Test@123#"},"ua":"PostmanRuntime/7.29.2"}
{"method":"POST","path":"/api/v1/auth/verifyUser","time":"2022-09-23T05:43:29.297Z","status":200,"data":{"token":"eyJhbGciOiJIUzI1NiIsInR5cCI6IkpXVCJ9.eyJpZCI6IjM1NzNlMmI2LTZiOGQtNGMyYi1iYjZhLTdiM2JhYWMwNTU3ZiIsImVtYWlsIjoic2FtQHlvcG1haWwuY29tIiwiaWF0IjoxNjYzOTExMzEyLCJleHAiOjE2NjM5OTc3MTJ9.LAzRpznvEgULuRwt-OBVHQBTXXBwqATeCii0dIk-6Cs"},"ua":"PostmanRuntime/7.29.2"}
{"method":"POST","path":"/api/v1/auth/login","time":"2022-09-23T05:43:35.278Z","status":200,"data":{"emailAddress":"sam@yopmail.com","password":"Test@123#"},"ua":"PostmanRuntime/7.29.2"}
{"method":"POST","path":"/api/v1/auth/verifyUser","time":"2022-09-23T05:44:13.098Z","status":200,"data":{"token":"eyJhbGciOiJIUzI1NiIsInR5cCI6IkpXVCJ9.eyJpZCI6IjM1NzNlMmI2LTZiOGQtNGMyYi1iYjZhLTdiM2JhYWMwNTU3ZiIsImVtYWlsIjoic2FtQHlvcG1haWwuY29tIiwiaWF0IjoxNjYzOTExMzEyLCJleHAiOjE2NjM5OTc3MTJ9.LAzRpznvEgULuRwt-OBVHQBTXXBwqATeCii0dIk-6Cs"},"ua":"PostmanRuntime/7.29.2"}
{"method":"POST","path":"/api/v1/auth/login","time":"2022-09-23T05:44:17.646Z","status":200,"data":{"emailAddress":"sam@yopmail.com","password":"Test@123#"},"ua":"PostmanRuntime/7.29.2"}
{"method":"POST","path":"/api/v1/auth/login","time":"2022-09-23T05:47:02.783Z","status":200,"data":{"emailAddress":"sam@yopmail.com","password":"Test@123#"},"ua":"PostmanRuntime/7.29.2"}
{"method":"POST","path":"/api/v1/auth/login","time":"2022-09-23T06:13:56.277Z","status":200,"data":{"emailAddress":"sam@yopmail.com","password":"Test@123#"},"ua":"PostmanRuntime/7.29.2"}
{"method":"GET","path":"/api/v1/plansList","time":"2022-09-23T06:29:57.383Z","status":200,"data":{},"ua":"PostmanRuntime/7.29.2"}
{"method":"POST","path":"/api/v1/companyAdmin/createPayment","time":"2022-09-23T06:30:41.176Z","status":200,"data":{"planId":"797e880a-782c-4556-bc4c-a8c603f0cfb2","userCount":3},"ua":"PostmanRuntime/7.29.2"}
{"method":"POST","path":"/api/v1/companyAdmin/createPayment","time":"2022-09-23T06:31:47.903Z","status":200,"data":{"planId":"797e880a-782c-4556-bc4c-a8c603f0cfb2","userCount":3},"ua":"PostmanRuntime/7.29.2"}
{"method":"POST","path":"/api/v1/auth/signUp","time":"2022-09-23T07:05:54.664Z","status":200,"data":{"companyName":"dts pvt. ltd","companyLogo":"http:/localhost:3003/comapnyLogo/favicon.png","companyAddress":"USA","name":"sjain","avatar":"","emailAddress":"sjain@yopmail.com","mobileNumber":"8897564897","phoneNumber":" 0731 498 0457","encryptedPassword":"Test@123#"},"ua":"PostmanRuntime/7.29.2"}
{"method":"POST","path":"/api/v1/auth/signUp","time":"2022-09-23T07:09:35.465Z","status":200,"data":{"companyName":"dts pvt. ltd","companyLogo":"http:/localhost:3003/comapnyLogo/favicon.png","companyAddress":"USA","name":"sjain","avatar":"","emailAddress":"sjain@yopmail.com","mobileNumber":"8897564897","phoneNumber":" 0731 498 0457","encryptedPassword":"Test@123#"},"ua":"PostmanRuntime/7.29.2"}
{"method":"POST","path":"/api/v1/auth/signUp","time":"2022-09-23T07:13:20.256Z","status":200,"data":{"companyName":"dts pvt. ltd","companyLogo":"http:/localhost:3003/comapnyLogo/favicon.png","companyAddress":"USA","name":"sjain","avatar":"","emailAddress":"sjain@yopmail.com","mobileNumber":"8897564897","phoneNumber":" 0731 498 0457","encryptedPassword":"Test@123#"},"ua":"PostmanRuntime/7.29.2"}
{"method":"GET","path":"/api/v1/companyAdmin/showProfile","time":"2022-09-23T08:25:18.587Z","status":200,"data":{},"ua":"PostmanRuntime/7.29.2"}
{"method":"GET","path":"/api/v1/companyAdmin/showProfile","time":"2022-09-23T08:38:17.225Z","status":200,"data":{},"ua":"PostmanRuntime/7.29.2"}
{"method":"GET","path":"/api/v1/companyAdmin/showProfile","time":"2022-09-23T08:39:24.819Z","status":200,"data":{},"ua":"PostmanRuntime/7.29.2"}
{"method":"GET","path":"/api/v1/companyAdmin/showProfile","time":"2022-09-23T08:40:13.452Z","status":200,"data":{},"ua":"PostmanRuntime/7.29.2"}
{"method":"GET","path":"/api/v1/companyAdmin/showProfile","time":"2022-09-23T08:41:37.448Z","status":200,"data":{},"ua":"PostmanRuntime/7.29.2"}
{"method":"POST","path":"/api/v1/auth/login","time":"2022-09-23T08:44:16.349Z","status":200,"data":{"emailAddress":"rahulchouhan.ems@gmail.com","password":"Test@123#"},"ua":"PostmanRuntime/7.29.2"}
{"method":"POST","path":"/api/v1/auth/login","time":"2022-09-23T08:45:25.159Z","status":200,"data":{"emailAddress":"rahulchouhan.ems@gmail.com","password":"Test@123#"},"ua":"PostmanRuntime/7.29.2"}
{"method":"POST","path":"/api/v1/companyAdmin/createPayment","time":"2022-09-23T09:26:01.954Z","status":200,"data":{"planId":"797e880a-782c-4556-bc4c-a8c603f0cfb2","userCount":3},"ua":"PostmanRuntime/7.29.2"}
{"method":"POST","path":"/api/v1/companyAdmin/createPayment","time":"2022-09-23T09:40:28.059Z","status":200,"data":{"planId":"797e880a-782c-4556-bc4c-a8c603f0cfb2","userCount":3},"ua":"PostmanRuntime/7.29.2"}
{"method":"POST","path":"/api/v1/companyAdmin/createPayment","time":"2022-09-23T09:41:02.063Z","status":200,"data":{"planId":"797e880a-782c-4556-bc4c-a8c603f0cfb2","userCount":3},"ua":"PostmanRuntime/7.29.2"}
{"method":"POST","path":"/api/v1/companyAdmin/createPayment","time":"2022-09-23T09:45:06.261Z","status":200,"data":{"planId":"797e880a-782c-4556-bc4c-a8c603f0cfb2","userCount":3},"ua":"PostmanRuntime/7.29.2"}
{"method":"POST","path":"/api/v1/companyAdmin/createPayment","time":"2022-09-23T09:47:11.292Z","status":200,"data":{"planId":"797e880a-782c-4556-bc4c-a8c603f0cfb2","userCount":3},"ua":"PostmanRuntime/7.29.2"}
{"method":"POST","path":"/api/v1/companyAdmin/createPayment","time":"2022-09-23T09:48:36.687Z","status":200,"data":{"planId":"797e880a-782c-4556-bc4c-a8c603f0cfb2","userCount":3},"ua":"PostmanRuntime/7.29.2"}
{"method":"POST","path":"/api/v1/companyAdmin/createPayment","time":"2022-09-23T09:53:50.691Z","status":200,"data":{"planId":"797e880a-782c-4556-bc4c-a8c603f0cfb2","userCount":3},"ua":"PostmanRuntime/7.29.2"}
{"method":"POST","path":"/api/v1/companyAdmin/createPayment","time":"2022-09-23T09:54:24.869Z","status":200,"data":{"planId":"797e880a-782c-4556-bc4c-a8c603f0cfb2","userCount":3},"ua":"PostmanRuntime/7.29.2"}
{"method":"POST","path":"/api/v1/companyAdmin/createPayment","time":"2022-09-23T09:57:27.960Z","status":200,"data":{"planId":"797e880a-782c-4556-bc4c-a8c603f0cfb2","userCount":3},"ua":"PostmanRuntime/7.29.2"}
{"method":"POST","path":"/api/v1/auth/login","time":"2022-09-23T10:34:09.933Z","status":200,"data":{"emailAddress":"sam@yopmail.com","password":"Test@123#"},"ua":"PostmanRuntime/7.29.2"}
{"method":"POST","path":"/api/v1/auth/login","time":"2022-09-23T10:34:27.058Z","status":200,"data":{"emailAddress":"sam@yopmail.com","password":"Test@123#"},"ua":"PostmanRuntime/7.29.2"}
{"method":"POST","path":"/api/v1/auth/login","time":"2022-09-23T10:35:34.228Z","status":200,"data":{"emailAddress":"sam@yopmail.com","password":"Test@123#"},"ua":"PostmanRuntime/7.29.2"}
{"method":"POST","path":"/api/v1/superAdmin/login","time":"2022-09-23T11:27:03.179Z","status":200,"data":{"email":"superadmin@yopmail.com","password":"4ff3e8922e53309578d694c2dafb41d744af5c4004716f178552449149cd502e9c7022d18cdef4bbe796652d0862f019653e96796ad5d05bffb0f44baaa33528"},"ua":"PostmanRuntime/7.29.2"}
{"method":"GET","path":"/api/v1/superAdmin/plansList","time":"2022-09-23T11:27:14.839Z","status":200,"data":{},"ua":"PostmanRuntime/7.29.2"}
{"method":"POST","path":"/api/v1/auth/login","time":"2022-09-23T11:52:46.754Z","status":200,"data":{"emailAddress":"sam@yopmail.com","password":"Test@123#"},"ua":"PostmanRuntime/7.29.2"}
{"method":"POST","path":"/api/v1/superAdmin/addPlan","time":"2022-09-23T12:55:15.599Z","status":401,"data":{"name":"Yearly Subscription","description":"this is a test product for yearly subscribers","adminAmount":599.88,"userAmount":359.88,"type":"year","currency":"usd"},"ua":"PostmanRuntime/7.29.2"}
{"method":"POST","path":"/api/v1/superAdmin/login","time":"2022-09-23T12:55:24.644Z","status":200,"data":{"email":"superadmin@yopmail.com","password":"4ff3e8922e53309578d694c2dafb41d744af5c4004716f178552449149cd502e9c7022d18cdef4bbe796652d0862f019653e96796ad5d05bffb0f44baaa33528"},"ua":"PostmanRuntime/7.29.2"}
{"method":"POST","path":"/api/v1/superAdmin/addPlan","time":"2022-09-23T12:55:36.238Z","status":200,"data":{"name":"Yearly Subscription","description":"this is a test product for yearly subscribers","adminAmount":599.88,"userAmount":359.88,"type":"year","currency":"usd"},"ua":"PostmanRuntime/7.29.2"}
{"method":"GET","path":"/api/v1/superAdmin/plansList","time":"2022-09-23T12:55:40.818Z","status":200,"data":{},"ua":"PostmanRuntime/7.29.2"}
{"method":"GET","path":"/api/v1/companyAdmin/subscriptionDetails","time":"2022-09-23T13:09:18.620Z","status":200,"data":{},"ua":"PostmanRuntime/7.29.2"}
